#
# There is insufficient memory for the Java Runtime Environment to continue.
# Native memory allocation (malloc) failed to allocate 1048576 bytes for AllocateHeap
# Possible reasons:
#   The system is out of physical RAM or swap space
#   In 32 bit mode, the process size limit was hit
# Possible solutions:
#   Reduce memory load on the system
#   Increase physical memory or swap space
#   Check if swap backing store is full
#   Use 64 bit Java on a 64 bit OS
#   Decrease Java heap size (-Xmx/-Xms)
#   Decrease number of Java threads
#   Decrease Java thread stack sizes (-Xss)
#   Set larger code cache with -XX:ReservedCodeCacheSize=
# This output file may be truncated or incomplete.
#
#  Out of Memory Error (memory/allocation.inline.hpp:61), pid=3212, tid=0x0000000000001a14
#
# JRE version:  (8.0_112-b06) (build )
# Java VM: OpenJDK 64-Bit Server VM (25.112-b06 mixed mode windows-amd64 compressed oops)
# Failed to write core dump. Minidumps are not enabled by default on client versions of Windows
#

---------------  T H R E A D  ---------------

Current thread (0x0000000003220800):  JavaThread "Unknown thread" [_thread_in_vm, id=6676, stack(0x00000000030a0000,0x00000000031a0000)]

Stack: [0x00000000030a0000,0x00000000031a0000]
[error occurred during error reporting (printing stack bounds), id 0xc0000005]

Native frames: (J=compiled Java code, j=interpreted, Vv=VM code, C=native code)


---------------  P R O C E S S  ---------------

Java Threads: ( => current thread )

Other Threads:

=>0x0000000003220800 (exited) JavaThread "Unknown thread" [_thread_in_vm, id=6676, stack(0x00000000030a0000,0x00000000031a0000)]

VM state:not at safepoint (normal execution)

VM Mutex/Monitor currently owned by a thread: None

Heap:
 PSYoungGen      total 18944K, used 327K [0x00000000eab00000, 0x00000000ec000000, 0x0000000100000000)
  eden space 16384K, 2% used [0x00000000eab00000,0x00000000eab51ec8,0x00000000ebb00000)
  from space 2560K, 0% used [0x00000000ebd80000,0x00000000ebd80000,0x00000000ec000000)
  to   space 2560K, 0% used [0x00000000ebb00000,0x00000000ebb00000,0x00000000ebd80000)
 ParOldGen       total 44032K, used 0K [0x00000000c0000000, 0x00000000c2b00000, 0x00000000eab00000)
  object space 44032K, 0% used [0x00000000c0000000,0x00000000c0000000,0x00000000c2b00000)
 Metaspace       used 772K, capacity 4480K, committed 4480K, reserved 1056768K
  class space    used 73K, capacity 384K, committed 384K, reserved 1048576K

Card table byte_map: [0x00000000126e0000,0x00000000128f0000] byte_map_base: 0x00000000120e0000

Marking Bits: (ParMarkBitMap*) 0x00000000528918f0
 Begin Bits: [0x0000000012e50000, 0x0000000013e50000)
 End Bits:   [0x0000000013e50000, 0x0000000014e50000)

Polling page: 0x0000000003060000

CodeCache: size=245760Kb used=328Kb max_used=328Kb free=245431Kb
 bounds [0x0000000003320000, 0x0000000003590000, 0x0000000012320000]
 total_blobs=57 nmethods=0 adapters=38
 compilation: enabled

Compilation events (0 events):
No events

GC Heap History (0 events):
No events

Deoptimization events (0 events):
No events

Internal exceptions (0 events):
No events

Events (10 events):
Event: 0.103 loading class java/lang/Short
Event: 0.104 loading class java/lang/Short done
Event: 0.104 loading class java/lang/Integer
Event: 0.104 loading class java/lang/Integer done
Event: 0.104 loading class java/lang/Long
Event: 0.104 loading class java/lang/Long done
Event: 0.106 loading class java/lang/NullPointerException
Event: 0.106 loading class java/lang/NullPointerException done
Event: 0.106 loading class java/lang/ArithmeticException
Event: 0.106 loading class java/lang/ArithmeticException done


Dynamic libraries:
0x00007ff723f60000 - 0x00007ff723f91000 	C:\Program Files\Android\Android Studio\jre\bin\java.exe
0x00007ffc98f60000 - 0x00007ffc9913b000 	C:\WINDOWS\SYSTEM32\ntdll.dll
0x00007ffc964f0000 - 0x00007ffc9659e000 	C:\WINDOWS\System32\KERNEL32.DLL
0x00007ffc95790000 - 0x00007ffc959d9000 	C:\WINDOWS\System32\KERNELBASE.dll
0x00007ffc965c0000 - 0x00007ffc96661000 	C:\WINDOWS\System32\ADVAPI32.dll
0x00007ffc97ff0000 - 0x00007ffc9808d000 	C:\WINDOWS\System32\msvcrt.dll
0x00007ffc98850000 - 0x00007ffc988a9000 	C:\WINDOWS\System32\sechost.dll
0x00007ffc97ec0000 - 0x00007ffc97fe5000 	C:\WINDOWS\System32\RPCRT4.dll
0x00007ffc97d70000 - 0x00007ffc97eba000 	C:\WINDOWS\System32\USER32.dll
0x00007ffc95770000 - 0x00007ffc9578e000 	C:\WINDOWS\System32\win32u.dll
0x00007ffc97bd0000 - 0x00007ffc97bf7000 	C:\WINDOWS\System32\GDI32.dll
0x00007ffc95ae0000 - 0x00007ffc95c67000 	C:\WINDOWS\System32\gdi32full.dll
0x00007ffc96370000 - 0x00007ffc9640a000 	C:\WINDOWS\System32\msvcp_win.dll
0x00007ffc959e0000 - 0x00007ffc95ad6000 	C:\WINDOWS\System32\ucrtbase.dll
0x00007ffc8b650000 - 0x00007ffc8b8b7000 	C:\WINDOWS\WinSxS\amd64_microsoft.windows.common-controls_6595b64144ccf1df_6.0.15063.483_none_26002d27e7c744a2\COMCTL32.dll
0x00007ffc98240000 - 0x00007ffc98539000 	C:\WINDOWS\System32\combase.dll
0x00007ffc956a0000 - 0x00007ffc9570a000 	C:\WINDOWS\System32\bcryptPrimitives.dll
0x00007ffc964c0000 - 0x00007ffc964ed000 	C:\WINDOWS\System32\IMM32.DLL
0x0000000051ff0000 - 0x00000000520c2000 	C:\Program Files\Android\Android Studio\jre\jre\bin\msvcr100.dll
0x00000000520d0000 - 0x000000005290c000 	C:\Program Files\Android\Android Studio\jre\jre\bin\server\jvm.dll
0x00007ffc96780000 - 0x00007ffc96788000 	C:\WINDOWS\System32\PSAPI.DLL
0x00007ffc8d310000 - 0x00007ffc8d333000 	C:\WINDOWS\SYSTEM32\WINMM.dll
0x00007ffc91460000 - 0x00007ffc91469000 	C:\WINDOWS\SYSTEM32\WSOCK32.dll
0x00007ffc988b0000 - 0x00007ffc9891c000 	C:\WINDOWS\System32\WS2_32.dll
0x00007ffc8b8c0000 - 0x00007ffc8b8ca000 	C:\WINDOWS\SYSTEM32\VERSION.dll
0x00007ffc8d2e0000 - 0x00007ffc8d30b000 	C:\WINDOWS\SYSTEM32\WINMMBASE.dll
0x00007ffc95650000 - 0x00007ffc95699000 	C:\WINDOWS\System32\cfgmgr32.dll
0x00007ffc86b40000 - 0x00007ffc86b4f000 	C:\Program Files\Android\Android Studio\jre\jre\bin\verify.dll
0x00007ffc72540000 - 0x00007ffc72569000 	C:\Program Files\Android\Android Studio\jre\jre\bin\java.dll
0x00007ffc816d0000 - 0x00007ffc816e6000 	C:\Program Files\Android\Android Studio\jre\jre\bin\zip.dll

VM Arguments:
jvm_args: -Djava.awt.headless=true -Xmx1024M -Dfile.encoding=windows-1252 -Duser.country=GB -Duser.language=en -Duser.variant 
java_command: com.android.dx.command.Main --dex --force-jumbo --num-threads=4 --multi-dex --output C:\Users\Vanessa\AndroidStudioProjects\eTika\FinalYearProject\P_eTika\app\build\intermediates\transforms\dex\debug\folders\1000\5\slice_8 C:\Users\Vanessa\AndroidStudioProjects\eTika\FinalYearProject\P_eTika\app\build\intermediates\transforms\instantRunSlicer\debug\folders\1\5\slice_8
java_class_path (initial): C:\Users\Vanessa\AppData\Local\Android\sdk\build-tools\26.0.1\lib\dx.jar
Launcher Type: SUN_STANDARD

Environment Variables:
PATH=C:\ProgramData\Oracle\Java\javapath;C:\Program Files (x86)\Intel\iCLS Client\;C:\Program Files\Intel\iCLS Client\;C:\WINDOWS\system32;C:\WINDOWS;C:\WINDOWS\System32\Wbem;C:\WINDOWS\System32\WindowsPowerShell\v1.0\;C:\Program Files (x86)\Intel\Intel(R) Management Engine Components\DAL;C:\Program Files\Intel\Intel(R) Management Engine Components\DAL;C:\Program Files (x86)\Intel\Intel(R) Management Engine Components\IPT;C:\Program Files\Intel\Intel(R) Management Engine Components\IPT;C:\Program Files\Git\cmd;C:\Program Files\nodejs\;C:\Users\Vanessa\AppData\Local\Microsoft\WindowsApps;C:\Users\Vanessa\AppData\Roaming\npm
USERNAME=Vanessa
OS=Windows_NT
PROCESSOR_IDENTIFIER=Intel64 Family 6 Model 61 Stepping 4, GenuineIntel



---------------  S Y S T E M  ---------------

OS: Windows 10.0 , 64 bit Build 15063 (10.0.15063.296)

CPU:total 4 (2 cores per cpu, 2 threads per core) family 6 model 61 stepping 4, cmov, cx8, fxsr, mmx, sse, sse2, sse3, ssse3, sse4.1, sse4.2, popcnt, avx, avx2, aes, clmul, erms, 3dnowpref, lzcnt, ht, tsc, tscinvbit, bmi1, bmi2, adx

Memory: 4k page, physical 4093380k(346232k free), swap 8189380k(5736k free)

vm_info: OpenJDK 64-Bit Server VM (25.112-b06) for windows-amd64 JRE (1.8.0_112-release-b06), built on Dec  8 2016 00:54:26 by "builder" with MS VC++ 10.0 (VS2010)

time: Tue Nov 28 07:30:46 2017
elapsed time: 0 seconds (0d 0h 0m 0s)

