#
# There is insufficient memory for the Java Runtime Environment to continue.
# Native memory allocation (malloc) failed to allocate 213296 bytes for Chunk::new
# Possible reasons:
#   The system is out of physical RAM or swap space
#   In 32 bit mode, the process size limit was hit
# Possible solutions:
#   Reduce memory load on the system
#   Increase physical memory or swap space
#   Check if swap backing store is full
#   Use 64 bit Java on a 64 bit OS
#   Decrease Java heap size (-Xmx/-Xms)
#   Decrease number of Java threads
#   Decrease Java thread stack sizes (-Xss)
#   Set larger code cache with -XX:ReservedCodeCacheSize=
# This output file may be truncated or incomplete.
#
#  Out of Memory Error (allocation.cpp:390), pid=12196, tid=0x0000000000002a48
#
# JRE version: OpenJDK Runtime Environment (8.0_112-b06) (build 1.8.0_112-release-b06)
# Java VM: OpenJDK 64-Bit Server VM (25.112-b06 mixed mode windows-amd64 compressed oops)
# Failed to write core dump. Minidumps are not enabled by default on client versions of Windows
#

---------------  T H R E A D  ---------------

Current thread (0x0000000015089000):  JavaThread "C2 CompilerThread1" daemon [_thread_in_native, id=10824, stack(0x00000000167b0000,0x00000000168b0000)]

Stack: [0x00000000167b0000,0x00000000168b0000]
[error occurred during error reporting (printing stack bounds), id 0xc0000005]

Native frames: (J=compiled Java code, j=interpreted, Vv=VM code, C=native code)


Current CompileTask:
C2:   8592  602       4       com.android.dx.ssa.NormalSsaInsn::accept (25 bytes)


---------------  P R O C E S S  ---------------

Java Threads: ( => current thread )
  0x00000000169f3800 JavaThread "pool-1-thread-1" [_thread_new, id=12444, stack(0x0000000000000000,0x0000000000000000)]
  0x00000000168ba000 JavaThread "Service Thread" daemon [_thread_blocked, id=13660, stack(0x0000000016db0000,0x0000000016eb0000)]
  0x00000000150cc000 JavaThread "C1 CompilerThread2" daemon [_thread_blocked, id=10652, stack(0x0000000016cb0000,0x0000000016db0000)]
=>0x0000000015089000 JavaThread "C2 CompilerThread1" daemon [_thread_in_native, id=10824, stack(0x00000000167b0000,0x00000000168b0000)]
  0x000000001506a800 JavaThread "C2 CompilerThread0" daemon [_thread_blocked, id=4252, stack(0x00000000166b0000,0x00000000167b0000)]
  0x0000000015069000 JavaThread "Attach Listener" daemon [_thread_blocked, id=13508, stack(0x00000000165b0000,0x00000000166b0000)]
  0x0000000015067800 JavaThread "Signal Dispatcher" daemon [_thread_blocked, id=11976, stack(0x00000000164b0000,0x00000000165b0000)]
  0x000000000299b000 JavaThread "Finalizer" daemon [_thread_blocked, id=10872, stack(0x00000000162c0000,0x00000000163c0000)]
  0x0000000002990800 JavaThread "Reference Handler" daemon [_thread_blocked, id=12860, stack(0x00000000161c0000,0x00000000162c0000)]
  0x00000000028a0800 JavaThread "main" [_thread_blocked, id=12880, stack(0x00000000027a0000,0x00000000028a0000)]

Other Threads:
  0x0000000015036000 VMThread [stack: 0x00000000160c0000,0x00000000161c0000] [id=6272]
  0x00000000168bb800 WatcherThread [stack: 0x0000000016eb0000,0x0000000016fb0000] [id=6368]

VM state:not at safepoint (normal execution)

VM Mutex/Monitor currently owned by a thread: None

Heap:
 PSYoungGen      total 18944K, used 10518K [0x00000000eab00000, 0x00000000ec000000, 0x0000000100000000)
  eden space 16384K, 64% used [0x00000000eab00000,0x00000000eb545968,0x00000000ebb00000)
  from space 2560K, 0% used [0x00000000ebd80000,0x00000000ebd80000,0x00000000ec000000)
  to   space 2560K, 0% used [0x00000000ebb00000,0x00000000ebb00000,0x00000000ebd80000)
 ParOldGen       total 44032K, used 0K [0x00000000c0000000, 0x00000000c2b00000, 0x00000000eab00000)
  object space 44032K, 0% used [0x00000000c0000000,0x00000000c0000000,0x00000000c2b00000)
 Metaspace       used 5347K, capacity 6544K, committed 6784K, reserved 1056768K
  class space    used 545K, capacity 584K, committed 640K, reserved 1048576K

Card table byte_map: [0x0000000011d60000,0x0000000011f70000] byte_map_base: 0x0000000011760000

Marking Bits: (ParMarkBitMap*) 0x00000000528918f0
 Begin Bits: [0x00000000124d0000, 0x00000000134d0000)
 End Bits:   [0x00000000134d0000, 0x00000000144d0000)

Polling page: 0x0000000000a40000

CodeCache: size=245760Kb used=2745Kb max_used=2745Kb free=243014Kb
 bounds [0x00000000029a0000, 0x0000000002c60000, 0x00000000119a0000]
 total_blobs=865 nmethods=605 adapters=174
 compilation: enabled

Compilation events (10 events):
Event: 8.497 Thread 0x00000000150cc000  598       3       com.android.dx.cf.code.RopperMachine::getSources (264 bytes)
Event: 8.498 Thread 0x000000001506a800 nmethod 600 0x0000000002ba77d0 code [0x0000000002ba7900, 0x0000000002ba79b8]
Event: 8.500 Thread 0x0000000015089000  602       4       com.android.dx.ssa.NormalSsaInsn::accept (25 bytes)
Event: 8.506 Thread 0x00000000150cc000 nmethod 598 0x0000000002c24250 code [0x0000000002c24860, 0x0000000002c291f8]
Event: 8.506 Thread 0x00000000150cc000  597   !   3       com.android.dx.cf.code.RopperMachine::run (1581 bytes)
Event: 8.514 Thread 0x000000001506a800  605       4       com.android.dx.util.Bits::clear (21 bytes)
Event: 8.516 Thread 0x000000001506a800 nmethod 605 0x0000000002c15e50 code [0x0000000002c15f80, 0x0000000002c16018]
Event: 8.516 Thread 0x000000001506a800  606       4       com.android.dx.rop.code.InsnList::get (9 bytes)
Event: 8.521 Thread 0x000000001506a800 nmethod 606 0x0000000002c15ad0 code [0x0000000002c15c20, 0x0000000002c15d18]
Event: 8.545 Thread 0x000000001506a800  609       4       java.util.ArrayList::ensureExplicitCapacity (26 bytes)

GC Heap History (0 events):
No events

Deoptimization events (0 events):
No events

Internal exceptions (2 events):
Event: 0.184 Thread 0x00000000028a0800 Exception <a 'java/lang/NoSuchMethodError': Method sun.misc.Unsafe.defineClass(Ljava/lang/String;[BII)Ljava/lang/Class; name or signature does not match> (0x00000000eab07c78) thrown at [C:\src\android\AOSP-openjdk\external\jetbrains\jdk\hotspot\src\share\v9πôt–°«?
Event: 0.185 Thread 0x00000000028a0800 Exception <a 'java/lang/NoSuchMethodError': Method sun.misc.Unsafe.prefetchRead(Ljava/lang/Object;J)V name or signature does not match> (0x00000000eab07f60) thrown at [C:\src\android\AOSP-openjdk\external\jetbrains\jdk\hotspot\src\share\vm\prims\jni.cpp, l

Events (10 events):
Event: 7.152 loading class com/android/dx/cf/code/SwitchList
Event: 7.152 loading class com/android/dx/cf/code/SwitchList done
Event: 7.770 loading class com/android/dx/ssa/back/FirstFitLocalCombiningAllocator$Multiset
Event: 7.770 loading class com/android/dx/ssa/back/FirstFitLocalCombiningAllocator$Multiset done
Event: 7.811 loading class java/util/DualPivotQuicksort
Event: 7.811 loading class java/util/DualPivotQuicksort done
Event: 7.852 Executing VM operation: RevokeBias
Event: 8.479 Executing VM operation: RevokeBias done
Event: 8.481 Thread 0x0000000016a01000 Thread exited: 0x0000000016a01000
Event: 8.523 Thread 0x00000000169ee800 Thread exited: 0x00000000169ee800


Dynamic libraries:
0x00007ff71b0b0000 - 0x00007ff71b0e1000 	C:\Program Files\Android\Android Studio\jre\bin\java.exe
0x00007ffc98f60000 - 0x00007ffc9913b000 	C:\WINDOWS\SYSTEM32\ntdll.dll
0x00007ffc964f0000 - 0x00007ffc9659e000 	C:\WINDOWS\System32\KERNEL32.DLL
0x00007ffc95790000 - 0x00007ffc959d9000 	C:\WINDOWS\System32\KERNELBASE.dll
0x00007ffc965c0000 - 0x00007ffc96661000 	C:\WINDOWS\System32\ADVAPI32.dll
0x00007ffc97ff0000 - 0x00007ffc9808d000 	C:\WINDOWS\System32\msvcrt.dll
0x00007ffc98850000 - 0x00007ffc988a9000 	C:\WINDOWS\System32\sechost.dll
0x00007ffc97ec0000 - 0x00007ffc97fe5000 	C:\WINDOWS\System32\RPCRT4.dll
0x00007ffc97d70000 - 0x00007ffc97eba000 	C:\WINDOWS\System32\USER32.dll
0x00007ffc95770000 - 0x00007ffc9578e000 	C:\WINDOWS\System32\win32u.dll
0x00007ffc97bd0000 - 0x00007ffc97bf7000 	C:\WINDOWS\System32\GDI32.dll
0x00007ffc95ae0000 - 0x00007ffc95c67000 	C:\WINDOWS\System32\gdi32full.dll
0x00007ffc96370000 - 0x00007ffc9640a000 	C:\WINDOWS\System32\msvcp_win.dll
0x00007ffc959e0000 - 0x00007ffc95ad6000 	C:\WINDOWS\System32\ucrtbase.dll
0x00007ffc8b650000 - 0x00007ffc8b8b7000 	C:\WINDOWS\WinSxS\amd64_microsoft.windows.common-controls_6595b64144ccf1df_6.0.15063.483_none_26002d27e7c744a2\COMCTL32.dll
0x00007ffc98240000 - 0x00007ffc98539000 	C:\WINDOWS\System32\combase.dll
0x00007ffc956a0000 - 0x00007ffc9570a000 	C:\WINDOWS\System32\bcryptPrimitives.dll
0x00007ffc964c0000 - 0x00007ffc964ed000 	C:\WINDOWS\System32\IMM32.DLL
0x0000000051ff0000 - 0x00000000520c2000 	C:\Program Files\Android\Android Studio\jre\jre\bin\msvcr100.dll
0x00000000520d0000 - 0x000000005290c000 	C:\Program Files\Android\Android Studio\jre\jre\bin\server\jvm.dll
0x00007ffc96780000 - 0x00007ffc96788000 	C:\WINDOWS\System32\PSAPI.DLL
0x00007ffc91460000 - 0x00007ffc91469000 	C:\WINDOWS\SYSTEM32\WSOCK32.dll
0x00007ffc988b0000 - 0x00007ffc9891c000 	C:\WINDOWS\System32\WS2_32.dll
0x00007ffc8d310000 - 0x00007ffc8d333000 	C:\WINDOWS\SYSTEM32\WINMM.dll
0x00007ffc8b8c0000 - 0x00007ffc8b8ca000 	C:\WINDOWS\SYSTEM32\VERSION.dll
0x00007ffc8d2e0000 - 0x00007ffc8d30b000 	C:\WINDOWS\SYSTEM32\WINMMBASE.dll
0x00007ffc95650000 - 0x00007ffc95699000 	C:\WINDOWS\System32\cfgmgr32.dll
0x00007ffc86b40000 - 0x00007ffc86b4f000 	C:\Program Files\Android\Android Studio\jre\jre\bin\verify.dll
0x00007ffc72540000 - 0x00007ffc72569000 	C:\Program Files\Android\Android Studio\jre\jre\bin\java.dll
0x00007ffc816d0000 - 0x00007ffc816e6000 	C:\Program Files\Android\Android Studio\jre\jre\bin\zip.dll
0x00007ffc96790000 - 0x00007ffc97bc7000 	C:\WINDOWS\System32\SHELL32.dll
0x00007ffc987a0000 - 0x00007ffc9884a000 	C:\WINDOWS\System32\shcore.dll
0x00007ffc95c70000 - 0x00007ffc96361000 	C:\WINDOWS\System32\windows.storage.dll
0x00007ffc98ac0000 - 0x00007ffc98b11000 	C:\WINDOWS\System32\shlwapi.dll
0x00007ffc95460000 - 0x00007ffc95471000 	C:\WINDOWS\System32\kernel.appcore.dll
0x00007ffc95410000 - 0x00007ffc9545c000 	C:\WINDOWS\System32\powrprof.dll
0x00007ffc953f0000 - 0x00007ffc95405000 	C:\WINDOWS\System32\profapi.dll

VM Arguments:
jvm_args: -Djava.awt.headless=true -Xmx1024M -Dfile.encoding=windows-1252 -Duser.country=GB -Duser.language=en -Duser.variant 
java_command: com.android.dx.command.Main --dex --force-jumbo --num-threads=4 --multi-dex --output C:\Users\Vanessa\AndroidStudioProjects\eTika\FinalYearProject\P_eTika\app\build\intermediates\transforms\dex\debug\folders\1000\5\slice_6 C:\Users\Vanessa\AndroidStudioProjects\eTika\FinalYearProject\P_eTika\app\build\intermediates\transforms\instantRunSlicer\debug\folders\1\5\slice_6
java_class_path (initial): C:\Users\Vanessa\AppData\Local\Android\sdk\build-tools\26.0.1\lib\dx.jar
Launcher Type: SUN_STANDARD

Environment Variables:
PATH=C:\ProgramData\Oracle\Java\javapath;C:\Program Files (x86)\Intel\iCLS Client\;C:\Program Files\Intel\iCLS Client\;C:\WINDOWS\system32;C:\WINDOWS;C:\WINDOWS\System32\Wbem;C:\WINDOWS\System32\WindowsPowerShell\v1.0\;C:\Program Files (x86)\Intel\Intel(R) Management Engine Components\DAL;C:\Program Files\Intel\Intel(R) Management Engine Components\DAL;C:\Program Files (x86)\Intel\Intel(R) Management Engine Components\IPT;C:\Program Files\Intel\Intel(R) Management Engine Components\IPT;C:\Program Files\Git\cmd;C:\Program Files\nodejs\;C:\Users\Vanessa\AppData\Local\Microsoft\WindowsApps;C:\Users\Vanessa\AppData\Roaming\npm
USERNAME=Vanessa
OS=Windows_NT
PROCESSOR_IDENTIFIER=Intel64 Family 6 Model 61 Stepping 4, GenuineIntel



---------------  S Y S T E M  ---------------

OS: Windows 10.0 , 64 bit Build 15063 (10.0.15063.296)

CPU:total 4 (2 cores per cpu, 2 threads per core) family 6 model 61 stepping 4, cmov, cx8, fxsr, mmx, sse, sse2, sse3, ssse3, sse4.1, sse4.2, popcnt, avx, avx2, aes, clmul, erms, 3dnowpref, lzcnt, ht, tsc, tscinvbit, bmi1, bmi2, adx

Memory: 4k page, physical 4093380k(172620k free), swap 8189380k(4116k free)

vm_info: OpenJDK 64-Bit Server VM (25.112-b06) for windows-amd64 JRE (1.8.0_112-release-b06), built on Dec  8 2016 00:54:26 by "builder" with MS VC++ 10.0 (VS2010)

time: Mon Nov 27 14:38:03 2017
elapsed time: 8 seconds (0d 0h 0m 8s)

