#
# There is insufficient memory for the Java Runtime Environment to continue.
# Native memory allocation (malloc) failed to allocate 32744 bytes for ChunkPool::allocate
# Possible reasons:
#   The system is out of physical RAM or swap space
#   In 32 bit mode, the process size limit was hit
# Possible solutions:
#   Reduce memory load on the system
#   Increase physical memory or swap space
#   Check if swap backing store is full
#   Use 64 bit Java on a 64 bit OS
#   Decrease Java heap size (-Xmx/-Xms)
#   Decrease number of Java threads
#   Decrease Java thread stack sizes (-Xss)
#   Set larger code cache with -XX:ReservedCodeCacheSize=
# This output file may be truncated or incomplete.
#
#  Out of Memory Error (allocation.cpp:273), pid=8452, tid=0x0000000000002be4
#
# JRE version: OpenJDK Runtime Environment (8.0_112-b06) (build 1.8.0_112-release-b06)
# Java VM: OpenJDK 64-Bit Server VM (25.112-b06 mixed mode windows-amd64 compressed oops)
# Failed to write core dump. Minidumps are not enabled by default on client versions of Windows
#

---------------  T H R E A D  ---------------

Current thread (0x000000001dde7800):  JavaThread "pool-2-thread-2" [_thread_in_vm, id=11236, stack(0x000000001e400000,0x000000001e500000)]

Stack: [0x000000001e400000,0x000000001e500000]
[error occurred during error reporting (printing stack bounds), id 0xc0000005]

Native frames: (J=compiled Java code, j=interpreted, Vv=VM code, C=native code)

Java frames: (J=compiled Java code, j=interpreted, Vv=VM code)
j  java.lang.ClassLoader.defineClass1(Ljava/lang/String;[BIILjava/security/ProtectionDomain;Ljava/lang/String;)Ljava/lang/Class;+0
j  java.lang.ClassLoader.defineClass(Ljava/lang/String;[BIILjava/security/ProtectionDomain;)Ljava/lang/Class;+27
j  java.security.SecureClassLoader.defineClass(Ljava/lang/String;[BIILjava/security/CodeSource;)Ljava/lang/Class;+12
j  java.net.URLClassLoader.defineClass(Ljava/lang/String;Lsun/misc/Resource;)Ljava/lang/Class;+138
J 160 C1 java.net.URLClassLoader$1.run()Ljava/lang/Class; (63 bytes) @ 0x0000000002d23ac4 [0x0000000002d237e0+0x2e4]
J 159 C1 java.net.URLClassLoader$1.run()Ljava/lang/Object; (5 bytes) @ 0x0000000002d2344c [0x0000000002d233c0+0x8c]
v  ~StubRoutines::call_stub
J 158  java.security.AccessController.doPrivileged(Ljava/security/PrivilegedExceptionAction;Ljava/security/AccessControlContext;)Ljava/lang/Object; (0 bytes) @ 0x0000000002d23066 [0x0000000002d23000+0x66]
J 157 C1 java.net.URLClassLoader.findClass(Ljava/lang/String;)Ljava/lang/Class; (47 bytes) @ 0x0000000002d22754 [0x0000000002d225c0+0x194]
J 95 C1 java.lang.ClassLoader.loadClass(Ljava/lang/String;Z)Ljava/lang/Class; (122 bytes) @ 0x0000000002d05774 [0x0000000002d04e00+0x974]
J 183 C1 sun.misc.Launcher$AppClassLoader.loadClass(Ljava/lang/String;Z)Ljava/lang/Class; (85 bytes) @ 0x0000000002d39b4c [0x0000000002d39180+0x9cc]
J 182 C1 java.lang.ClassLoader.loadClass(Ljava/lang/String;)Ljava/lang/Class; (7 bytes) @ 0x0000000002d3a94c [0x0000000002d3a840+0x10c]
v  ~StubRoutines::call_stub
j  com.android.dx.ssa.LocalVariableInfo.<init>(Lcom/android/dx/ssa/SsaMethod;)V+32
j  com.android.dx.ssa.LocalVariableExtractor.<init>(Lcom/android/dx/ssa/SsaMethod;)V+39
j  com.android.dx.ssa.LocalVariableExtractor.extract(Lcom/android/dx/ssa/SsaMethod;)Lcom/android/dx/ssa/LocalVariableInfo;+5
j  com.android.dx.ssa.SsaConverter.convertToSsaMethod(Lcom/android/dx/rop/code/RopMethod;IZ)Lcom/android/dx/ssa/SsaMethod;+12
j  com.android.dx.ssa.Optimizer.optimize(Lcom/android/dx/rop/code/RopMethod;IZZLcom/android/dx/rop/code/TranslationAdvice;Ljava/util/EnumSet;)Lcom/android/dx/rop/code/RopMethod;+15
j  com.android.dx.ssa.Optimizer.optimize(Lcom/android/dx/rop/code/RopMethod;IZZLcom/android/dx/rop/code/TranslationAdvice;)Lcom/android/dx/rop/code/RopMethod;+11
j  com.android.dx.dex.cf.CfTranslator.processMethods(Lcom/android/dx/command/dexer/DxContext;Lcom/android/dx/cf/direct/DirectClassFile;Lcom/android/dx/dex/cf/CfOptions;Lcom/android/dx/dex/DexOptions;Lcom/android/dx/dex/file/ClassDefItem;Lcom/android/dx/dex/file/DexFile;)V+270
j  com.android.dx.dex.cf.CfTranslator.translate0(Lcom/android/dx/command/dexer/DxContext;Lcom/android/dx/cf/direct/DirectClassFile;[BLcom/android/dx/dex/cf/CfOptions;Lcom/android/dx/dex/DexOptions;Lcom/android/dx/dex/file/DexFile;)Lcom/android/dx/dex/file/ClassDefItem;+126
j  com.android.dx.dex.cf.CfTranslator.translate(Lcom/android/dx/command/dexer/DxContext;Lcom/android/dx/cf/direct/DirectClassFile;[BLcom/android/dx/dex/cf/CfOptions;Lcom/android/dx/dex/DexOptions;Lcom/android/dx/dex/file/DexFile;)Lcom/android/dx/dex/file/ClassDefItem;+8
j  com.android.dx.command.dexer.Main.translateClass([BLcom/android/dx/cf/direct/DirectClassFile;)Lcom/android/dx/dex/file/ClassDefItem;+24
j  com.android.dx.command.dexer.Main.access$2700(Lcom/android/dx/command/dexer/Main;[BLcom/android/dx/cf/direct/DirectClassFile;)Lcom/android/dx/dex/file/ClassDefItem;+3
j  com.android.dx.command.dexer.Main$ClassTranslatorTask.call()Lcom/android/dx/dex/file/ClassDefItem;+12
j  com.android.dx.command.dexer.Main$ClassTranslatorTask.call()Ljava/lang/Object;+1
j  java.util.concurrent.FutureTask.run()V+42
j  java.util.concurrent.ThreadPoolExecutor.runWorker(Ljava/util/concurrent/ThreadPoolExecutor$Worker;)V+95
j  java.util.concurrent.ThreadPoolExecutor$Worker.run()V+5
j  java.lang.Thread.run()V+11
v  ~StubRoutines::call_stub

---------------  P R O C E S S  ---------------

Java Threads: ( => current thread )
  0x000000001de93000 JavaThread "pool-2-thread-3" [_thread_blocked, id=13360, stack(0x000000001e500000,0x000000001e600000)]
=>0x000000001dde7800 JavaThread "pool-2-thread-2" [_thread_in_vm, id=11236, stack(0x000000001e400000,0x000000001e500000)]
  0x000000001dd47000 JavaThread "pool-3-thread-1" [_thread_blocked, id=10316, stack(0x000000001e300000,0x000000001e400000)]
  0x000000001dd4b000 JavaThread "pool-2-thread-1" [_thread_blocked, id=5220, stack(0x000000001e200000,0x000000001e300000)]
  0x000000001dc00800 JavaThread "Service Thread" daemon [_thread_blocked, id=9112, stack(0x000000001e000000,0x000000001e100000)]
  0x000000001c2ef000 JavaThread "C1 CompilerThread2" daemon [_thread_in_native, id=5360, stack(0x000000001db00000,0x000000001dc00000)]
  0x000000001c29d800 JavaThread "C2 CompilerThread1" daemon [_thread_blocked, id=2884, stack(0x000000001da00000,0x000000001db00000)]
  0x000000001c29a800 JavaThread "C2 CompilerThread0" daemon [_thread_blocked, id=10364, stack(0x000000001d900000,0x000000001da00000)]
  0x000000001c299000 JavaThread "Attach Listener" daemon [_thread_blocked, id=5436, stack(0x000000001d800000,0x000000001d900000)]
  0x000000001c298000 JavaThread "Signal Dispatcher" daemon [_thread_blocked, id=3648, stack(0x000000001d700000,0x000000001d800000)]
  0x0000000002bc5800 JavaThread "Finalizer" daemon [_thread_blocked, id=11400, stack(0x000000001d510000,0x000000001d610000)]
  0x0000000002bc0800 JavaThread "Reference Handler" daemon [_thread_blocked, id=2968, stack(0x000000001d410000,0x000000001d510000)]
  0x0000000002ad0800 JavaThread "main" [_thread_in_native, id=11712, stack(0x00000000029d0000,0x0000000002ad0000)]

Other Threads:
  0x000000001c266000 VMThread [stack: 0x000000001d310000,0x000000001d410000] [id=8368]
  0x000000001dc02800 WatcherThread [stack: 0x000000001e100000,0x000000001e200000] [id=11180]

VM state:not at safepoint (normal execution)

VM Mutex/Monitor currently owned by a thread: None

Heap:
 PSYoungGen      total 18944K, used 6665K [0x000000076ab00000, 0x000000076c000000, 0x00000007c0000000)
  eden space 16384K, 40% used [0x000000076ab00000,0x000000076b1827c0,0x000000076bb00000)
  from space 2560K, 0% used [0x000000076bd80000,0x000000076bd80000,0x000000076c000000)
  to   space 2560K, 0% used [0x000000076bb00000,0x000000076bb00000,0x000000076bd80000)
 ParOldGen       total 44032K, used 0K [0x00000006c0000000, 0x00000006c2b00000, 0x000000076ab00000)
  object space 44032K, 0% used [0x00000006c0000000,0x00000006c0000000,0x00000006c2b00000)
 Metaspace       used 4468K, capacity 5808K, committed 6016K, reserved 1056768K
  class space    used 474K, capacity 552K, committed 640K, reserved 1048576K

Card table byte_map: [0x0000000011f90000,0x00000000127a0000] byte_map_base: 0x000000000e990000

Marking Bits: (ParMarkBitMap*) 0x00000000528918f0
 Begin Bits: [0x0000000013100000, 0x0000000017100000)
 End Bits:   [0x0000000017100000, 0x000000001b100000)

Polling page: 0x00000000007f0000

CodeCache: size=245760Kb used=1575Kb max_used=1575Kb free=244184Kb
 bounds [0x0000000002bd0000, 0x0000000002e40000, 0x0000000011bd0000]
 total_blobs=514 nmethods=257 adapters=171
 compilation: enabled

Compilation events (10 events):
Event: 6.169 Thread 0x000000001c2ef000 nmethod 259 0x0000000002d59490 code [0x0000000002d595e0, 0x0000000002d596d0]
Event: 6.169 Thread 0x000000001c2ef000  257       3       java.util.BitSet::expandTo (23 bytes)
Event: 6.170 Thread 0x000000001c2ef000 nmethod 257 0x0000000002d59710 code [0x0000000002d59880, 0x0000000002d59a68]
Event: 6.170 Thread 0x000000001c2ef000  258       1       com.android.dx.ssa.SsaBasicBlock::getSuccessors (5 bytes)
Event: 6.170 Thread 0x000000001c2ef000 nmethod 258 0x0000000002d59b10 code [0x0000000002d59c60, 0x0000000002d59d70]
Event: 6.170 Thread 0x000000001c2ef000  256       1       com.android.dx.rop.code.BasicBlock::getInsns (5 bytes)
Event: 6.170 Thread 0x000000001c2ef000 nmethod 256 0x0000000002d59dd0 code [0x0000000002d59f20, 0x0000000002d5a030]
Event: 6.170 Thread 0x000000001c2ef000  253       3       com.android.dx.cf.code.ByteOps::opInfo (6 bytes)
Event: 6.171 Thread 0x000000001c2ef000 nmethod 253 0x0000000002d5a090 code [0x0000000002d5a1e0, 0x0000000002d5a330]
Event: 6.171 Thread 0x000000001c2ef000  254   !   3       com.android.dx.cf.code.BytecodeArray::parseInstruction (2764 bytes)

GC Heap History (0 events):
No events

Deoptimization events (0 events):
No events

Internal exceptions (2 events):
Event: 0.818 Thread 0x0000000002ad0800 Exception <a 'java/lang/NoSuchMethodError': Method sun.misc.Unsafe.defineClass(Ljava/lang/String;[BII)Ljava/lang/Class; name or signature does not match> (0x000000076ab07c78) thrown at [C:\src\android\AOSP-openjdk\external\jetbrains\jdk\hotspot\src\share\vªZËwE2ê?
Event: 0.819 Thread 0x0000000002ad0800 Exception <a 'java/lang/NoSuchMethodError': Method sun.misc.Unsafe.prefetchRead(Ljava/lang/Object;J)V name or signature does not match> (0x000000076ab07f60) thrown at [C:\src\android\AOSP-openjdk\external\jetbrains\jdk\hotspot\src\share\vm\prims\jni.cpp, l

Events (10 events):
Event: 6.159 Executing VM operation: RevokeBias
Event: 6.159 loading class com/android/dx/ssa/LocalVariableInfo
Event: 6.159 loading class com/android/dx/ssa/LocalVariableInfo done
Event: 6.159 Executing VM operation: RevokeBias done
Event: 6.181 loading class com/android/dx/rop/code/RegisterSpecSet
Event: 6.181 Executing VM operation: RevokeBias
Event: 6.181 loading class com/android/dx/rop/code/RegisterSpecSet done
Event: 6.181 Executing VM operation: RevokeBias done
Event: 6.181 Executing VM operation: RevokeBias
Event: 6.181 Executing VM operation: RevokeBias done


Dynamic libraries:
0x00007ff6f8640000 - 0x00007ff6f8671000 	C:\Program Files\Android\Android Studio\jre\bin\java.exe
0x00007ffc98f60000 - 0x00007ffc9913b000 	C:\WINDOWS\SYSTEM32\ntdll.dll
0x00007ffc964f0000 - 0x00007ffc9659e000 	C:\WINDOWS\System32\KERNEL32.DLL
0x00007ffc95790000 - 0x00007ffc959d9000 	C:\WINDOWS\System32\KERNELBASE.dll
0x00007ffc965c0000 - 0x00007ffc96661000 	C:\WINDOWS\System32\ADVAPI32.dll
0x00007ffc97ff0000 - 0x00007ffc9808d000 	C:\WINDOWS\System32\msvcrt.dll
0x00007ffc98850000 - 0x00007ffc988a9000 	C:\WINDOWS\System32\sechost.dll
0x00007ffc97ec0000 - 0x00007ffc97fe5000 	C:\WINDOWS\System32\RPCRT4.dll
0x00007ffc97d70000 - 0x00007ffc97eba000 	C:\WINDOWS\System32\USER32.dll
0x00007ffc95770000 - 0x00007ffc9578e000 	C:\WINDOWS\System32\win32u.dll
0x00007ffc97bd0000 - 0x00007ffc97bf7000 	C:\WINDOWS\System32\GDI32.dll
0x00007ffc95ae0000 - 0x00007ffc95c67000 	C:\WINDOWS\System32\gdi32full.dll
0x00007ffc96370000 - 0x00007ffc9640a000 	C:\WINDOWS\System32\msvcp_win.dll
0x00007ffc959e0000 - 0x00007ffc95ad6000 	C:\WINDOWS\System32\ucrtbase.dll
0x00007ffc8b650000 - 0x00007ffc8b8b7000 	C:\WINDOWS\WinSxS\amd64_microsoft.windows.common-controls_6595b64144ccf1df_6.0.15063.483_none_26002d27e7c744a2\COMCTL32.dll
0x00007ffc98240000 - 0x00007ffc98539000 	C:\WINDOWS\System32\combase.dll
0x00007ffc956a0000 - 0x00007ffc9570a000 	C:\WINDOWS\System32\bcryptPrimitives.dll
0x00007ffc964c0000 - 0x00007ffc964ed000 	C:\WINDOWS\System32\IMM32.DLL
0x0000000051ff0000 - 0x00000000520c2000 	C:\Program Files\Android\Android Studio\jre\jre\bin\msvcr100.dll
0x00000000520d0000 - 0x000000005290c000 	C:\Program Files\Android\Android Studio\jre\jre\bin\server\jvm.dll
0x00007ffc96780000 - 0x00007ffc96788000 	C:\WINDOWS\System32\PSAPI.DLL
0x00007ffc91460000 - 0x00007ffc91469000 	C:\WINDOWS\SYSTEM32\WSOCK32.dll
0x00007ffc988b0000 - 0x00007ffc9891c000 	C:\WINDOWS\System32\WS2_32.dll
0x00007ffc8b8c0000 - 0x00007ffc8b8ca000 	C:\WINDOWS\SYSTEM32\VERSION.dll
0x00007ffc8d310000 - 0x00007ffc8d333000 	C:\WINDOWS\SYSTEM32\WINMM.dll
0x00007ffc8d2e0000 - 0x00007ffc8d30b000 	C:\WINDOWS\SYSTEM32\WINMMBASE.dll
0x00007ffc95650000 - 0x00007ffc95699000 	C:\WINDOWS\System32\cfgmgr32.dll
0x00007ffc86b40000 - 0x00007ffc86b4f000 	C:\Program Files\Android\Android Studio\jre\jre\bin\verify.dll
0x00007ffc72540000 - 0x00007ffc72569000 	C:\Program Files\Android\Android Studio\jre\jre\bin\java.dll
0x00007ffc816d0000 - 0x00007ffc816e6000 	C:\Program Files\Android\Android Studio\jre\jre\bin\zip.dll
0x00007ffc96790000 - 0x00007ffc97bc7000 	C:\WINDOWS\System32\SHELL32.dll
0x00007ffc987a0000 - 0x00007ffc9884a000 	C:\WINDOWS\System32\shcore.dll
0x00007ffc95c70000 - 0x00007ffc96361000 	C:\WINDOWS\System32\windows.storage.dll
0x00007ffc98ac0000 - 0x00007ffc98b11000 	C:\WINDOWS\System32\shlwapi.dll
0x00007ffc95460000 - 0x00007ffc95471000 	C:\WINDOWS\System32\kernel.appcore.dll
0x00007ffc95410000 - 0x00007ffc9545c000 	C:\WINDOWS\System32\powrprof.dll
0x00007ffc953f0000 - 0x00007ffc95405000 	C:\WINDOWS\System32\profapi.dll

VM Arguments:
jvm_args: -Djava.awt.headless=true -Xmx4g -Dfile.encoding=windows-1252 -Duser.country=GB -Duser.language=en -Duser.variant 
java_command: com.android.dx.command.Main --dex --force-jumbo --num-threads=4 --multi-dex --output C:\Users\Vanessa\AndroidStudioProjects\eTika\FinalYearProject\P_eTika\app\build\intermediates\transforms\dex\debug\folders\1000\5\slice_0 C:\Users\Vanessa\AndroidStudioProjects\eTika\FinalYearProject\P_eTika\app\build\intermediates\transforms\instantRunSlicer\debug\folders\1\5\slice_0
java_class_path (initial): C:\Users\Vanessa\AppData\Local\Android\sdk\build-tools\26.0.1\lib\dx.jar
Launcher Type: SUN_STANDARD

Environment Variables:
PATH=C:\ProgramData\Oracle\Java\javapath;C:\Program Files (x86)\Intel\iCLS Client\;C:\Program Files\Intel\iCLS Client\;C:\WINDOWS\system32;C:\WINDOWS;C:\WINDOWS\System32\Wbem;C:\WINDOWS\System32\WindowsPowerShell\v1.0\;C:\Program Files (x86)\Intel\Intel(R) Management Engine Components\DAL;C:\Program Files\Intel\Intel(R) Management Engine Components\DAL;C:\Program Files (x86)\Intel\Intel(R) Management Engine Components\IPT;C:\Program Files\Intel\Intel(R) Management Engine Components\IPT;C:\Program Files\Git\cmd;C:\Program Files\nodejs\;C:\Users\Vanessa\AppData\Local\Microsoft\WindowsApps;C:\Users\Vanessa\AppData\Roaming\npm
USERNAME=Vanessa
OS=Windows_NT
PROCESSOR_IDENTIFIER=Intel64 Family 6 Model 61 Stepping 4, GenuineIntel



---------------  S Y S T E M  ---------------

OS: Windows 10.0 , 64 bit Build 15063 (10.0.15063.296)

CPU:total 4 (2 cores per cpu, 2 threads per core) family 6 model 61 stepping 4, cmov, cx8, fxsr, mmx, sse, sse2, sse3, ssse3, sse4.1, sse4.2, popcnt, avx, avx2, aes, clmul, erms, 3dnowpref, lzcnt, ht, tsc, tscinvbit, bmi1, bmi2, adx

Memory: 4k page, physical 4093380k(283220k free), swap 8189380k(2172k free)

vm_info: OpenJDK 64-Bit Server VM (25.112-b06) for windows-amd64 JRE (1.8.0_112-release-b06), built on Dec  8 2016 00:54:26 by "builder" with MS VC++ 10.0 (VS2010)

time: Wed Nov 29 00:35:53 2017
elapsed time: 6 seconds (0d 0h 0m 6s)

