#
# There is insufficient memory for the Java Runtime Environment to continue.
# Native memory allocation (malloc) failed to allocate 2984 bytes for AllocateHeap
# Possible reasons:
#   The system is out of physical RAM or swap space
#   In 32 bit mode, the process size limit was hit
# Possible solutions:
#   Reduce memory load on the system
#   Increase physical memory or swap space
#   Check if swap backing store is full
#   Use 64 bit Java on a 64 bit OS
#   Decrease Java heap size (-Xmx/-Xms)
#   Decrease number of Java threads
#   Decrease Java thread stack sizes (-Xss)
#   Set larger code cache with -XX:ReservedCodeCacheSize=
# This output file may be truncated or incomplete.
#
#  Out of Memory Error (memory/allocation.inline.hpp:61), pid=14100, tid=0x0000000000002f48
#
# JRE version: OpenJDK Runtime Environment (8.0_112-b06) (build 1.8.0_112-release-b06)
# Java VM: OpenJDK 64-Bit Server VM (25.112-b06 mixed mode windows-amd64 compressed oops)
# Failed to write core dump. Minidumps are not enabled by default on client versions of Windows
#

---------------  T H R E A D  ---------------

Current thread (0x0000000002c20800):  JavaThread "main" [_thread_in_vm, id=12104, stack(0x0000000002b20000,0x0000000002c20000)]

Stack: [0x0000000002b20000,0x0000000002c20000]
[error occurred during error reporting (printing stack bounds), id 0xc0000005]

Native frames: (J=compiled Java code, j=interpreted, Vv=VM code, C=native code)

Java frames: (J=compiled Java code, j=interpreted, Vv=VM code)
j  java.lang.Thread.start0()V+0
j  java.lang.Thread.start()V+26
j  java.util.concurrent.ThreadPoolExecutor.addWorker(Ljava/lang/Runnable;Z)Z+257
j  java.util.concurrent.ThreadPoolExecutor.execute(Ljava/lang/Runnable;)V+34
j  java.util.concurrent.AbstractExecutorService.submit(Ljava/util/concurrent/Callable;)Ljava/util/concurrent/Future;+20
j  com.android.dx.command.dexer.Main$DirectClassFileConsumer.call(Lcom/android/dx/cf/direct/DirectClassFile;)Ljava/lang/Boolean;+395
j  com.android.dx.command.dexer.Main$DirectClassFileConsumer.access$700(Lcom/android/dx/command/dexer/Main$DirectClassFileConsumer;Lcom/android/dx/cf/direct/DirectClassFile;)Ljava/lang/Boolean;+2
j  com.android.dx.command.dexer.Main.processClass(Ljava/lang/String;[B)Z+41
j  com.android.dx.command.dexer.Main.processFileBytes(Ljava/lang/String;J[B)Z+206
j  com.android.dx.command.dexer.Main.access$1200(Lcom/android/dx/command/dexer/Main;Ljava/lang/String;J[B)Z+5
j  com.android.dx.command.dexer.Main$FileBytesConsumer.processFileBytes(Ljava/lang/String;J[B)Z+8
j  com.android.dx.cf.direct.ClassPathOpener.processArchive(Ljava/io/File;)Z+203
j  com.android.dx.cf.direct.ClassPathOpener.processOne(Ljava/io/File;Z)Z+48
j  com.android.dx.cf.direct.ClassPathOpener.process()Z+15
j  com.android.dx.command.dexer.Main.processOne(Ljava/lang/String;Lcom/android/dx/cf/direct/ClassPathOpener$FileNameFilter;)V+21
j  com.android.dx.command.dexer.Main.processAllFiles()Z+297
j  com.android.dx.command.dexer.Main.runMultiDex()I+74
j  com.android.dx.command.dexer.Main.runDx(Lcom/android/dx/command/dexer/Main$Arguments;)I+76
j  com.android.dx.command.dexer.Main.main([Ljava/lang/String;)V+31
j  com.android.dx.command.Main.main([Ljava/lang/String;)V+61
v  ~StubRoutines::call_stub

---------------  P R O C E S S  ---------------

Java Threads: ( => current thread )
  0x000000001ddad000 JavaThread "pool-3-thread-1" [_thread_new, id=12540, stack(0x0000000000000000,0x0000000000000000)]
  0x000000001ddac000 JavaThread "pool-2-thread-1" [_thread_new, id=11356, stack(0x0000000000000000,0x0000000000000000)]
  0x000000001dc72800 JavaThread "Service Thread" daemon [_thread_blocked, id=13604, stack(0x000000001e050000,0x000000001e150000)]
  0x000000001c3f5000 JavaThread "C1 CompilerThread2" daemon [_thread_blocked, id=6188, stack(0x000000001db50000,0x000000001dc50000)]
  0x000000001c3f1000 JavaThread "C2 CompilerThread1" daemon [_thread_blocked, id=14188, stack(0x000000001da50000,0x000000001db50000)]
  0x000000001c3ea800 JavaThread "C2 CompilerThread0" daemon [_thread_blocked, id=10440, stack(0x000000001d950000,0x000000001da50000)]
  0x000000001c3e9000 JavaThread "Attach Listener" daemon [_thread_blocked, id=6676, stack(0x000000001d850000,0x000000001d950000)]
  0x000000001c3e7800 JavaThread "Signal Dispatcher" daemon [_thread_blocked, id=12584, stack(0x000000001d750000,0x000000001d850000)]
  0x0000000002d1b800 JavaThread "Finalizer" daemon [_thread_blocked, id=6228, stack(0x000000001d650000,0x000000001d750000)]
  0x0000000002d10800 JavaThread "Reference Handler" daemon [_thread_blocked, id=5320, stack(0x000000001d550000,0x000000001d650000)]
=>0x0000000002c20800 JavaThread "main" [_thread_in_vm, id=12104, stack(0x0000000002b20000,0x0000000002c20000)]

Other Threads:
  0x000000001c3b6000 VMThread [stack: 0x000000001d450000,0x000000001d550000] [id=2356]
  0x000000001dc74800 WatcherThread [stack: 0x000000001e150000,0x000000001e250000] [id=12384]

VM state:not at safepoint (normal execution)

VM Mutex/Monitor currently owned by a thread:  ([mutex/lock_event])
[0x0000000002a1ca00] Threads_lock - owner thread: 0x0000000002c20800

Heap:
 PSYoungGen      total 18944K, used 3679K [0x000000076ab00000, 0x000000076c000000, 0x00000007c0000000)
  eden space 16384K, 22% used [0x000000076ab00000,0x000000076ae97f38,0x000000076bb00000)
  from space 2560K, 0% used [0x000000076bd80000,0x000000076bd80000,0x000000076c000000)
  to   space 2560K, 0% used [0x000000076bb00000,0x000000076bb00000,0x000000076bd80000)
 ParOldGen       total 44032K, used 0K [0x00000006c0000000, 0x00000006c2b00000, 0x000000076ab00000)
  object space 44032K, 0% used [0x00000006c0000000,0x00000006c0000000,0x00000006c2b00000)
 Metaspace       used 3818K, capacity 5072K, committed 5376K, reserved 1056768K
  class space    used 417K, capacity 456K, committed 512K, reserved 1048576K

Card table byte_map: [0x00000000120e0000,0x00000000128f0000] byte_map_base: 0x000000000eae0000

Marking Bits: (ParMarkBitMap*) 0x00000000528918f0
 Begin Bits: [0x0000000013250000, 0x0000000017250000)
 End Bits:   [0x0000000017250000, 0x000000001b250000)

Polling page: 0x0000000000c50000

CodeCache: size=245760Kb used=1393Kb max_used=1393Kb free=244366Kb
 bounds [0x0000000002d20000, 0x0000000002f90000, 0x0000000011d20000]
 total_blobs=421 nmethods=163 adapters=172
 compilation: enabled

Compilation events (10 events):
Event: 2.120 Thread 0x000000001c3f5000 nmethod 156 0x0000000002e77b90 code [0x0000000002e77ce0, 0x0000000002e77e70]
Event: 2.123 Thread 0x000000001c3f5000  157       3       java.lang.ref.Finalizer::register (10 bytes)
Event: 2.125 Thread 0x000000001c3f5000 nmethod 157 0x0000000002e77ed0 code [0x0000000002e78060, 0x0000000002e78488]
Event: 2.126 Thread 0x000000001c3f5000  158       3       java.io.InputStream::<init> (5 bytes)
Event: 2.127 Thread 0x000000001c3f5000 nmethod 158 0x0000000002e78850 code [0x0000000002e789c0, 0x0000000002e78b70]
Event: 2.130 Thread 0x000000001c3f5000  159   !   3       java.util.WeakHashMap::expungeStaleEntries (139 bytes)
Event: 2.132 Thread 0x000000001c3f5000 nmethod 159 0x0000000002e78c50 code [0x0000000002e78e20, 0x0000000002e79948]
Event: 2.140 Thread 0x000000001c3f5000  160   !   3       java.util.zip.InflaterInputStream::read (138 bytes)
Event: 2.144 Thread 0x000000001c3f5000 nmethod 160 0x0000000002e7a150 code [0x0000000002e7a3c0, 0x0000000002e7b4e8]
Event: 2.144 Thread 0x000000001c3f5000  162       3       java.lang.StringBuilder::<init> (7 bytes)

GC Heap History (0 events):
No events

Deoptimization events (1 events):
Event: 2.143 Thread 0x0000000002c20800 Uncommon trap: reason=unstable_if action=reinterpret pc=0x0000000002e64a58 method=java.lang.String.indexOf(II)I @ 49

Internal exceptions (2 events):
Event: 0.087 Thread 0x0000000002c20800 Exception <a 'java/lang/NoSuchMethodError': Method sun.misc.Unsafe.defineClass(Ljava/lang/String;[BII)Ljava/lang/Class; name or signature does not match> (0x000000076ab07c78) thrown at [C:\src\android\AOSP-openjdk\external\jetbrains\jdk\hotspot\src\share\v*
Event: 0.087 Thread 0x0000000002c20800 Exception <a 'java/lang/NoSuchMethodError': Method sun.misc.Unsafe.prefetchRead(Ljava/lang/Object;J)V name or signature does not match> (0x000000076ab07f60) thrown at [C:\src\android\AOSP-openjdk\external\jetbrains\jdk\hotspot\src\share\vm\prims\jni.cpp, l

Events (10 events):
Event: 2.138 loading class java/util/concurrent/FutureTask$WaitNode done
Event: 2.138 loading class java/util/concurrent/ThreadPoolExecutor$Worker
Event: 2.138 loading class java/util/concurrent/ThreadPoolExecutor$Worker done
Event: 2.139 Thread 0x000000001ddac000 Thread added: 0x000000001ddac000
Event: 2.139 loading class com/android/dx/command/dexer/Main$ClassDefItemConsumer
Event: 2.139 loading class com/android/dx/command/dexer/Main$ClassDefItemConsumer done
Event: 2.142 Thread 0x000000001ddad000 Thread added: 0x000000001ddad000
Event: 2.143 Thread 0x0000000002c20800 Uncommon trap: trap_request=0xffffff65 fr.pc=0x0000000002e64a58
Event: 2.143 Thread 0x0000000002c20800 DEOPT PACKING pc=0x0000000002e64a58 sp=0x0000000002c1e820
Event: 2.143 Thread 0x0000000002c20800 DEOPT UNPACKING pc=0x0000000002d6556a sp=0x0000000002c1e7b8 mode 2


Dynamic libraries:
0x00007ff6f8640000 - 0x00007ff6f8671000 	C:\Program Files\Android\Android Studio\jre\bin\java.exe
0x00007ffc98f60000 - 0x00007ffc9913b000 	C:\WINDOWS\SYSTEM32\ntdll.dll
0x00007ffc964f0000 - 0x00007ffc9659e000 	C:\WINDOWS\System32\KERNEL32.DLL
0x00007ffc95790000 - 0x00007ffc959d9000 	C:\WINDOWS\System32\KERNELBASE.dll
0x00007ffc965c0000 - 0x00007ffc96661000 	C:\WINDOWS\System32\ADVAPI32.dll
0x00007ffc97ff0000 - 0x00007ffc9808d000 	C:\WINDOWS\System32\msvcrt.dll
0x00007ffc98850000 - 0x00007ffc988a9000 	C:\WINDOWS\System32\sechost.dll
0x00007ffc97ec0000 - 0x00007ffc97fe5000 	C:\WINDOWS\System32\RPCRT4.dll
0x00007ffc97d70000 - 0x00007ffc97eba000 	C:\WINDOWS\System32\USER32.dll
0x00007ffc95770000 - 0x00007ffc9578e000 	C:\WINDOWS\System32\win32u.dll
0x00007ffc97bd0000 - 0x00007ffc97bf7000 	C:\WINDOWS\System32\GDI32.dll
0x00007ffc95ae0000 - 0x00007ffc95c67000 	C:\WINDOWS\System32\gdi32full.dll
0x00007ffc96370000 - 0x00007ffc9640a000 	C:\WINDOWS\System32\msvcp_win.dll
0x00007ffc959e0000 - 0x00007ffc95ad6000 	C:\WINDOWS\System32\ucrtbase.dll
0x00007ffc8b650000 - 0x00007ffc8b8b7000 	C:\WINDOWS\WinSxS\amd64_microsoft.windows.common-controls_6595b64144ccf1df_6.0.15063.483_none_26002d27e7c744a2\COMCTL32.dll
0x00007ffc98240000 - 0x00007ffc98539000 	C:\WINDOWS\System32\combase.dll
0x00007ffc956a0000 - 0x00007ffc9570a000 	C:\WINDOWS\System32\bcryptPrimitives.dll
0x00007ffc964c0000 - 0x00007ffc964ed000 	C:\WINDOWS\System32\IMM32.DLL
0x0000000051ff0000 - 0x00000000520c2000 	C:\Program Files\Android\Android Studio\jre\jre\bin\msvcr100.dll
0x00000000520d0000 - 0x000000005290c000 	C:\Program Files\Android\Android Studio\jre\jre\bin\server\jvm.dll
0x00007ffc96780000 - 0x00007ffc96788000 	C:\WINDOWS\System32\PSAPI.DLL
0x00007ffc8d310000 - 0x00007ffc8d333000 	C:\WINDOWS\SYSTEM32\WINMM.dll
0x00007ffc91460000 - 0x00007ffc91469000 	C:\WINDOWS\SYSTEM32\WSOCK32.dll
0x00007ffc8b8c0000 - 0x00007ffc8b8ca000 	C:\WINDOWS\SYSTEM32\VERSION.dll
0x00007ffc988b0000 - 0x00007ffc9891c000 	C:\WINDOWS\System32\WS2_32.dll
0x00007ffc8d2e0000 - 0x00007ffc8d30b000 	C:\WINDOWS\SYSTEM32\winmmbase.dll
0x00007ffc95650000 - 0x00007ffc95699000 	C:\WINDOWS\System32\cfgmgr32.dll
0x00007ffc86b40000 - 0x00007ffc86b4f000 	C:\Program Files\Android\Android Studio\jre\jre\bin\verify.dll
0x00007ffc72540000 - 0x00007ffc72569000 	C:\Program Files\Android\Android Studio\jre\jre\bin\java.dll
0x00007ffc816d0000 - 0x00007ffc816e6000 	C:\Program Files\Android\Android Studio\jre\jre\bin\zip.dll
0x00007ffc96790000 - 0x00007ffc97bc7000 	C:\WINDOWS\System32\SHELL32.dll
0x00007ffc987a0000 - 0x00007ffc9884a000 	C:\WINDOWS\System32\shcore.dll
0x00007ffc95c70000 - 0x00007ffc96361000 	C:\WINDOWS\System32\windows.storage.dll
0x00007ffc98ac0000 - 0x00007ffc98b11000 	C:\WINDOWS\System32\shlwapi.dll
0x00007ffc95460000 - 0x00007ffc95471000 	C:\WINDOWS\System32\kernel.appcore.dll
0x00007ffc95410000 - 0x00007ffc9545c000 	C:\WINDOWS\System32\powrprof.dll
0x00007ffc953f0000 - 0x00007ffc95405000 	C:\WINDOWS\System32\profapi.dll

VM Arguments:
jvm_args: -Djava.awt.headless=true -Xmx4g -Dfile.encoding=windows-1252 -Duser.country=GB -Duser.language=en -Duser.variant 
java_command: com.android.dx.command.Main --dex --force-jumbo --num-threads=4 --multi-dex --output C:\Users\Vanessa\AndroidStudioProjects\eTika\FinalYearProject\P_eTika\app\build\intermediates\transforms\dex\debug\folders\1000\10000\instant-run_83bba6dd5bf1a06878494e2589f840f29b1211fc C:\Users\Vanessa\AndroidStudioProjects\eTika\FinalYearProject\P_eTika\app\build\intermediates\incremental-runtime-classes\debug\instant-run.jar
java_class_path (initial): C:\Users\Vanessa\AppData\Local\Android\sdk\build-tools\26.0.1\lib\dx.jar
Launcher Type: SUN_STANDARD

Environment Variables:
PATH=C:\ProgramData\Oracle\Java\javapath;C:\Program Files (x86)\Intel\iCLS Client\;C:\Program Files\Intel\iCLS Client\;C:\WINDOWS\system32;C:\WINDOWS;C:\WINDOWS\System32\Wbem;C:\WINDOWS\System32\WindowsPowerShell\v1.0\;C:\Program Files (x86)\Intel\Intel(R) Management Engine Components\DAL;C:\Program Files\Intel\Intel(R) Management Engine Components\DAL;C:\Program Files (x86)\Intel\Intel(R) Management Engine Components\IPT;C:\Program Files\Intel\Intel(R) Management Engine Components\IPT;C:\Program Files\Git\cmd;C:\Program Files\nodejs\;C:\Users\Vanessa\AppData\Local\Microsoft\WindowsApps;C:\Users\Vanessa\AppData\Roaming\npm
USERNAME=Vanessa
OS=Windows_NT
PROCESSOR_IDENTIFIER=Intel64 Family 6 Model 61 Stepping 4, GenuineIntel



---------------  S Y S T E M  ---------------

OS: Windows 10.0 , 64 bit Build 15063 (10.0.15063.296)

CPU:total 4 (2 cores per cpu, 2 threads per core) family 6 model 61 stepping 4, cmov, cx8, fxsr, mmx, sse, sse2, sse3, ssse3, sse4.1, sse4.2, popcnt, avx, avx2, aes, clmul, erms, 3dnowpref, lzcnt, ht, tsc, tscinvbit, bmi1, bmi2, adx

Memory: 4k page, physical 4093380k(282376k free), swap 8189380k(2172k free)

vm_info: OpenJDK 64-Bit Server VM (25.112-b06) for windows-amd64 JRE (1.8.0_112-release-b06), built on Dec  8 2016 00:54:26 by "builder" with MS VC++ 10.0 (VS2010)

time: Wed Nov 29 00:35:53 2017
elapsed time: 2 seconds (0d 0h 0m 2s)

