#
# There is insufficient memory for the Java Runtime Environment to continue.
# Native memory allocation (malloc) failed to allocate 32744 bytes for ChunkPool::allocate
# Possible reasons:
#   The system is out of physical RAM or swap space
#   In 32 bit mode, the process size limit was hit
# Possible solutions:
#   Reduce memory load on the system
#   Increase physical memory or swap space
#   Check if swap backing store is full
#   Use 64 bit Java on a 64 bit OS
#   Decrease Java heap size (-Xmx/-Xms)
#   Decrease number of Java threads
#   Decrease Java thread stack sizes (-Xss)
#   Set larger code cache with -XX:ReservedCodeCacheSize=
# This output file may be truncated or incomplete.
#
#  Out of Memory Error (allocation.cpp:273), pid=6960, tid=0x0000000000002f24
#
# JRE version: OpenJDK Runtime Environment (8.0_112-b06) (build 1.8.0_112-release-b06)
# Java VM: OpenJDK 64-Bit Server VM (25.112-b06 mixed mode windows-amd64 compressed oops)
# Failed to write core dump. Minidumps are not enabled by default on client versions of Windows
#

---------------  T H R E A D  ---------------

Current thread (0x0000000014ee1000):  JavaThread "C1 CompilerThread2" daemon [_thread_in_native, id=12068, stack(0x00000000166e0000,0x00000000167e0000)]

Stack: [0x00000000166e0000,0x00000000167e0000]
[error occurred during error reporting (printing stack bounds), id 0xc0000005]

Native frames: (J=compiled Java code, j=interpreted, Vv=VM code, C=native code)


Current CompileTask:
C1:  77013 1617   !   3       com.android.dx.dex.cf.CfTranslator::processMethods (597 bytes)


---------------  P R O C E S S  ---------------

Java Threads: ( => current thread )
  0x00000000169c8800 JavaThread "pool-2-thread-4" [_thread_blocked, id=4556, stack(0x00000000171e0000,0x00000000172e0000)]
  0x00000000169bd800 JavaThread "pool-2-thread-3" [_thread_blocked, id=11412, stack(0x00000000170e0000,0x00000000171e0000)]
  0x00000000169bc000 JavaThread "pool-2-thread-2" [_thread_blocked, id=3608, stack(0x0000000016fe0000,0x00000000170e0000)]
  0x0000000016924800 JavaThread "pool-3-thread-1" [_thread_blocked, id=1804, stack(0x0000000016ee0000,0x0000000016fe0000)]
  0x0000000016923800 JavaThread "pool-2-thread-1" [_thread_blocked, id=10380, stack(0x0000000016de0000,0x0000000016ee0000)]
  0x0000000014ee9800 JavaThread "Service Thread" daemon [_thread_blocked, id=11540, stack(0x0000000016be0000,0x0000000016ce0000)]
=>0x0000000014ee1000 JavaThread "C1 CompilerThread2" daemon [_thread_in_native, id=12068, stack(0x00000000166e0000,0x00000000167e0000)]
  0x0000000014e8f800 JavaThread "C2 CompilerThread1" daemon [_thread_blocked, id=4296, stack(0x00000000165e0000,0x00000000166e0000)]
  0x0000000014e8c800 JavaThread "C2 CompilerThread0" daemon [_thread_blocked, id=7428, stack(0x00000000164e0000,0x00000000165e0000)]
  0x0000000014e8b000 JavaThread "Attach Listener" daemon [_thread_blocked, id=11532, stack(0x00000000163e0000,0x00000000164e0000)]
  0x0000000014e89800 JavaThread "Signal Dispatcher" daemon [_thread_blocked, id=3960, stack(0x00000000162e0000,0x00000000163e0000)]
  0x00000000027b5800 JavaThread "Finalizer" daemon [_thread_blocked, id=11800, stack(0x00000000160f0000,0x00000000161f0000)]
  0x00000000027b0800 JavaThread "Reference Handler" daemon [_thread_blocked, id=5972, stack(0x0000000015ff0000,0x00000000160f0000)]
  0x00000000026c0800 JavaThread "main" [_thread_in_native, id=4032, stack(0x00000000025c0000,0x00000000026c0000)]

Other Threads:
  0x0000000014e55800 VMThread [stack: 0x0000000015ef0000,0x0000000015ff0000] [id=4588]
  0x0000000014eed800 WatcherThread [stack: 0x0000000016ce0000,0x0000000016de0000] [id=8436]

VM state:not at safepoint (normal execution)

VM Mutex/Monitor currently owned by a thread: None

Heap:
 PSYoungGen      total 18944K, used 18913K [0x00000000eab00000, 0x00000000ec000000, 0x0000000100000000)
  eden space 16384K, 100% used [0x00000000eab00000,0x00000000ebb00000,0x00000000ebb00000)
  from space 2560K, 98% used [0x00000000ebd80000,0x00000000ebff84f8,0x00000000ec000000)
  to   space 2560K, 0% used [0x00000000ebb00000,0x00000000ebb00000,0x00000000ebd80000)
 ParOldGen       total 44032K, used 5834K [0x00000000c0000000, 0x00000000c2b00000, 0x00000000eab00000)
  object space 44032K, 13% used [0x00000000c0000000,0x00000000c05b2bc0,0x00000000c2b00000)
 Metaspace       used 6060K, capacity 7152K, committed 7296K, reserved 1056768K
  class space    used 568K, capacity 616K, committed 640K, reserved 1048576K

Card table byte_map: [0x0000000011b80000,0x0000000011d90000] byte_map_base: 0x0000000011580000

Marking Bits: (ParMarkBitMap*) 0x000000005c6b18f0
 Begin Bits: [0x00000000122f0000, 0x00000000132f0000)
 End Bits:   [0x00000000132f0000, 0x00000000142f0000)

Polling page: 0x0000000000c20000

CodeCache: size=245760Kb used=6528Kb max_used=6528Kb free=239231Kb
 bounds [0x00000000027c0000, 0x0000000002e30000, 0x00000000117c0000]
 total_blobs=1709 nmethods=1446 adapters=176
 compilation: enabled

Compilation events (10 events):
Event: 76.025 Thread 0x0000000014ee1000 nmethod 1612 0x0000000002e212d0 code [0x0000000002e215e0, 0x0000000002e23078]
Event: 76.025 Thread 0x0000000014ee1000 1613       3       com.android.dx.cf.code.BasicBlocker::identifyBlocks (18 bytes)
Event: 76.025 Thread 0x0000000014ee1000 nmethod 1613 0x0000000002979bd0 code [0x0000000002979d60, 0x0000000002979fa8]
Event: 76.745 Thread 0x0000000014ee1000 1614       3       com.android.dx.rop.type.Type::asUninitialized (140 bytes)
Event: 76.750 Thread 0x0000000014ee1000 nmethod 1614 0x0000000002e23f50 code [0x0000000002e242e0, 0x0000000002e26468]
Event: 76.750 Thread 0x0000000014ee1000 1615       3       com.android.dx.cf.code.ExecutionStack::makeInitialized (51 bytes)
Event: 76.751 Thread 0x0000000014ee1000 nmethod 1615 0x0000000002e273d0 code [0x0000000002e27580, 0x0000000002e27c18]
Event: 76.933 Thread 0x0000000014ee1000 1616       3       com.android.dx.dex.cf.OptimizerOptions::loadOptimizeLists (56 bytes)
Event: 76.934 Thread 0x0000000014ee1000 nmethod 1616 0x0000000002aa0d10 code [0x0000000002aa0ea0, 0x0000000002aa12a8]
Event: 76.934 Thread 0x0000000014ee1000 1617   !   3       com.android.dx.dex.cf.CfTranslator::processMethods (597 bytes)

GC Heap History (4 events):
Event: 21.110 GC heap before
{Heap before GC invocations=1 (full 0):
 PSYoungGen      total 18944K, used 16384K [0x00000000eab00000, 0x00000000ec000000, 0x0000000100000000)
  eden space 16384K, 100% used [0x00000000eab00000,0x00000000ebb00000,0x00000000ebb00000)
  from space 2560K, 0% used [0x00000000ebd80000,0x00000000ebd80000,0x00000000ec000000)
  to   space 2560K, 0% used [0x00000000ebb00000,0x00000000ebb00000,0x00000000ebd80000)
 ParOldGen       total 44032K, used 0K [0x00000000c0000000, 0x00000000c2b00000, 0x00000000eab00000)
  object space 44032K, 0% used [0x00000000c0000000,0x00000000c0000000,0x00000000c2b00000)
 Metaspace       used 5532K, capacity 6768K, committed 7040K, reserved 1056768K
  class space    used 552K, capacity 616K, committed 640K, reserved 1048576K
Event: 21.131 GC heap after
Heap after GC invocations=1 (full 0):
 PSYoungGen      total 18944K, used 2551K [0x00000000eab00000, 0x00000000ec000000, 0x0000000100000000)
  eden space 16384K, 0% used [0x00000000eab00000,0x00000000eab00000,0x00000000ebb00000)
  from space 2560K, 99% used [0x00000000ebb00000,0x00000000ebd7dfa8,0x00000000ebd80000)
  to   space 2560K, 0% used [0x00000000ebd80000,0x00000000ebd80000,0x00000000ec000000)
 ParOldGen       total 44032K, used 2808K [0x00000000c0000000, 0x00000000c2b00000, 0x00000000eab00000)
  object space 44032K, 6% used [0x00000000c0000000,0x00000000c02be398,0x00000000c2b00000)
 Metaspace       used 5532K, capacity 6768K, committed 7040K, reserved 1056768K
  class space    used 552K, capacity 616K, committed 640K, reserved 1048576K
}
Event: 33.267 GC heap before
{Heap before GC invocations=2 (full 0):
 PSYoungGen      total 18944K, used 18935K [0x00000000eab00000, 0x00000000ec000000, 0x0000000100000000)
  eden space 16384K, 100% used [0x00000000eab00000,0x00000000ebb00000,0x00000000ebb00000)
  from space 2560K, 99% used [0x00000000ebb00000,0x00000000ebd7dfa8,0x00000000ebd80000)
  to   space 2560K, 0% used [0x00000000ebd80000,0x00000000ebd80000,0x00000000ec000000)
 ParOldGen       total 44032K, used 2808K [0x00000000c0000000, 0x00000000c2b00000, 0x00000000eab00000)
  object space 44032K, 6% used [0x00000000c0000000,0x00000000c02be398,0x00000000c2b00000)
 Metaspace       used 5891K, capacity 7024K, committed 7296K, reserved 1056768K
  class space    used 566K, capacity 616K, committed 640K, reserved 1048576K
Event: 33.293 GC heap after
Heap after GC invocations=2 (full 0):
 PSYoungGen      total 18944K, used 2529K [0x00000000eab00000, 0x00000000ec000000, 0x0000000100000000)
  eden space 16384K, 0% used [0x00000000eab00000,0x00000000eab00000,0x00000000ebb00000)
  from space 2560K, 98% used [0x00000000ebd80000,0x00000000ebff84f8,0x00000000ec000000)
  to   space 2560K, 0% used [0x00000000ebb00000,0x00000000ebb00000,0x00000000ebd80000)
 ParOldGen       total 44032K, used 5834K [0x00000000c0000000, 0x00000000c2b00000, 0x00000000eab00000)
  object space 44032K, 13% used [0x00000000c0000000,0x00000000c05b2bc0,0x00000000c2b00000)
 Metaspace       used 5891K, capacity 7024K, committed 7296K, reserved 1056768K
  class space    used 566K, capacity 616K, committed 640K, reserved 1048576K
}

Deoptimization events (10 events):
Event: 25.793 Thread 0x00000000169c8800 Uncommon trap: reason=class_check action=maybe_recompile pc=0x0000000002b92254 method=com.android.dx.ssa.NormalSsaInsn.accept(Lcom/android/dx/ssa/SsaInsn$Visitor;)V @ 9
Event: 27.571 Thread 0x00000000169bd800 Uncommon trap: reason=class_check action=maybe_recompile pc=0x0000000002b92254 method=com.android.dx.ssa.NormalSsaInsn.accept(Lcom/android/dx/ssa/SsaInsn$Visitor;)V @ 9
Event: 27.647 Thread 0x00000000169bd800 Uncommon trap: reason=unstable_if action=reinterpret pc=0x0000000002c48b8c method=com.android.dx.rop.code.RegisterSpecSet.put(Lcom/android/dx/rop/code/RegisterSpec;)V @ 77
Event: 27.647 Thread 0x00000000169bd800 Uncommon trap: reason=unstable_if action=reinterpret pc=0x00000000028e0418 method=com.android.dx.rop.code.RegisterSpecSet.put(Lcom/android/dx/rop/code/RegisterSpec;)V @ 77
Event: 29.273 Thread 0x00000000026c0800 Uncommon trap: reason=unstable_if action=reinterpret pc=0x0000000002bd5ef8 method=com.android.dx.rop.cst.StdConstantPool.set(ILcom/android/dx/rop/cst/Constant;)V @ 12
Event: 36.289 Thread 0x00000000026c0800 Uncommon trap: reason=unloaded action=reinterpret pc=0x0000000002d0ab70 method=com.android.dx.cf.cst.ConstantPoolParser.parse0(ILjava/util/BitSet;)Lcom/android/dx/rop/cst/Constant; @ 220
Event: 36.298 Thread 0x00000000169c8800 Uncommon trap: reason=uninitialized action=reinterpret pc=0x0000000002d58df8 method=com.android.dx.cf.code.BytecodeArray.parseInstruction(ILcom/android/dx/cf/code/BytecodeArray$Visitor;)I @ 1079
Event: 40.580 Thread 0x00000000169bc000 Uncommon trap: reason=bimorphic action=maybe_recompile pc=0x0000000002b36998 method=java.util.HashMap.putVal(ILjava/lang/Object;Ljava/lang/Object;ZZ)Ljava/lang/Object; @ 91
Event: 40.581 Thread 0x00000000169bc000 Uncommon trap: reason=bimorphic action=maybe_recompile pc=0x0000000002b36998 method=java.util.HashMap.putVal(ILjava/lang/Object;Ljava/lang/Object;ZZ)Ljava/lang/Object; @ 91
Event: 40.581 Thread 0x00000000169bc000 Uncommon trap: reason=bimorphic action=maybe_recompile pc=0x0000000002af4264 method=java.util.HashMap.getNode(ILjava/lang/Object;)Ljava/util/HashMap$Node; @ 126

Internal exceptions (3 events):
Event: 0.179 Thread 0x00000000026c0800 Exception <a 'java/lang/NoSuchMethodError': Method sun.misc.Unsafe.defineClass(Ljava/lang/String;[BII)Ljava/lang/Class; name or signature does not match> (0x00000000eab07c78) thrown at [C:\src\android\AOSP-openjdk\external\jetbrains\jdk\hotspot\src\share\vn>K™‚øÆ?
Event: 0.179 Thread 0x00000000026c0800 Exception <a 'java/lang/NoSuchMethodError': Method sun.misc.Unsafe.prefetchRead(Ljava/lang/Object;J)V name or signature does not match> (0x00000000eab07f60) thrown at [C:\src\android\AOSP-openjdk\external\jetbrains\jdk\hotspot\src\share\vm\prims\jni.cpp, lµ4\.)9@
Event: 25.059 Thread 0x0000000016923800 Implicit null exception at 0x0000000002bc8f62 to 0x0000000002bc905a

Events (10 events):
Event: 55.301 Thread 0x0000000014ee1000 flushing nmethod 0x0000000002b39690
Event: 55.301 Thread 0x0000000014ee1000 flushing nmethod 0x0000000002b6ab50
Event: 55.301 Thread 0x0000000014ee1000 flushing nmethod 0x0000000002b75250
Event: 55.920 Thread 0x0000000014ee1000 flushing nmethod 0x0000000002b9dd10
Event: 55.920 Thread 0x0000000014ee1000 flushing nmethod 0x0000000002bc8dd0
Event: 55.921 Thread 0x0000000014e8c800 flushing nmethod 0x0000000002bdb950
Event: 55.921 Thread 0x0000000014e8c800 flushing nmethod 0x0000000002bde4d0
Event: 55.921 Thread 0x0000000014e8c800 flushing nmethod 0x0000000002c30f50
Event: 56.729 loading class com/android/dx/rop/code/RegisterSpec$1
Event: 56.729 loading class com/android/dx/rop/code/RegisterSpec$1 done


Dynamic libraries:
0x00007ff6035c0000 - 0x00007ff6035f1000 	C:\Program Files\Android\Android Studio\jre\bin\java.exe
0x00007fff058d0000 - 0x00007fff05aab000 	C:\WINDOWS\SYSTEM32\ntdll.dll
0x00007fff03760000 - 0x00007fff0380e000 	C:\WINDOWS\System32\KERNEL32.DLL
0x00007fff028a0000 - 0x00007fff02ae9000 	C:\WINDOWS\System32\KERNELBASE.dll
0x00007fff05640000 - 0x00007fff056e1000 	C:\WINDOWS\System32\ADVAPI32.dll
0x00007fff03180000 - 0x00007fff0321d000 	C:\WINDOWS\System32\msvcrt.dll
0x00007fff03cf0000 - 0x00007fff03d49000 	C:\WINDOWS\System32\sechost.dll
0x00007fff056f0000 - 0x00007fff05815000 	C:\WINDOWS\System32\RPCRT4.dll
0x00007fff03820000 - 0x00007fff0396a000 	C:\WINDOWS\System32\USER32.dll
0x00007fff026b0000 - 0x00007fff026ce000 	C:\WINDOWS\System32\win32u.dll
0x00007fff058a0000 - 0x00007fff058c7000 	C:\WINDOWS\System32\GDI32.dll
0x00007fff02ba0000 - 0x00007fff02d27000 	C:\WINDOWS\System32\gdi32full.dll
0x00007fff025c0000 - 0x00007fff0265a000 	C:\WINDOWS\System32\msvcp_win.dll
0x00007fff02d30000 - 0x00007fff02e26000 	C:\WINDOWS\System32\ucrtbase.dll
0x00007ffef52d0000 - 0x00007ffef5537000 	C:\WINDOWS\WinSxS\amd64_microsoft.windows.common-controls_6595b64144ccf1df_6.0.15063.483_none_26002d27e7c744a2\COMCTL32.dll
0x00007fff03970000 - 0x00007fff03c69000 	C:\WINDOWS\System32\combase.dll
0x00007fff02550000 - 0x00007fff025ba000 	C:\WINDOWS\System32\bcryptPrimitives.dll
0x00007fff052e0000 - 0x00007fff0530d000 	C:\WINDOWS\System32\IMM32.DLL
0x000000005be10000 - 0x000000005bee2000 	C:\Program Files\Android\Android Studio\jre\jre\bin\msvcr100.dll
0x000000005bef0000 - 0x000000005c72c000 	C:\Program Files\Android\Android Studio\jre\jre\bin\server\jvm.dll
0x00007fff05310000 - 0x00007fff05318000 	C:\WINDOWS\System32\PSAPI.DLL
0x00007ffef8790000 - 0x00007ffef8799000 	C:\WINDOWS\SYSTEM32\WSOCK32.dll
0x00007fff05830000 - 0x00007fff0589c000 	C:\WINDOWS\System32\WS2_32.dll
0x00007ffeffd50000 - 0x00007ffeffd73000 	C:\WINDOWS\SYSTEM32\WINMM.dll
0x00007ffef3090000 - 0x00007ffef309a000 	C:\WINDOWS\SYSTEM32\VERSION.dll
0x00007ffeffa10000 - 0x00007ffeffa3b000 	C:\WINDOWS\SYSTEM32\WINMMBASE.dll
0x00007fff02660000 - 0x00007fff026a9000 	C:\WINDOWS\System32\cfgmgr32.dll
0x00007ffefed50000 - 0x00007ffefed5f000 	C:\Program Files\Android\Android Studio\jre\jre\bin\verify.dll
0x00007ffefed20000 - 0x00007ffefed49000 	C:\Program Files\Android\Android Studio\jre\jre\bin\java.dll
0x00007ffefd400000 - 0x00007ffefd416000 	C:\Program Files\Android\Android Studio\jre\jre\bin\zip.dll
0x00007fff03d50000 - 0x00007fff05187000 	C:\WINDOWS\System32\SHELL32.dll
0x00007fff02e30000 - 0x00007fff02eda000 	C:\WINDOWS\System32\shcore.dll
0x00007fff01df0000 - 0x00007fff024e1000 	C:\WINDOWS\System32\windows.storage.dll
0x00007fff05320000 - 0x00007fff05371000 	C:\WINDOWS\System32\shlwapi.dll
0x00007fff01db0000 - 0x00007fff01dc1000 	C:\WINDOWS\System32\kernel.appcore.dll
0x00007fff01d40000 - 0x00007fff01d8c000 	C:\WINDOWS\System32\powrprof.dll
0x00007fff01dd0000 - 0x00007fff01de5000 	C:\WINDOWS\System32\profapi.dll

VM Arguments:
jvm_args: -Djava.awt.headless=true -Xmx1024M -Dfile.encoding=windows-1252 -Duser.country=GB -Duser.language=en -Duser.variant 
java_command: com.android.dx.command.Main --dex --num-threads=4 --multi-dex --output C:\Users\Vanessa\AndroidStudioProjects\eTika\FinalYearProject\P_eTika\app\build\intermediates\transforms\dex\debug\folders\1000\1\debug_a2cd03f0d927d18b9bc5530dc10105e3cc537686 C:\Users\Vanessa\AndroidStudioProjects\eTika\FinalYearProject\P_eTika\app\build\intermediates\classes\debug
java_class_path (initial): C:\Users\Vanessa\AppData\Local\Android\sdk\build-tools\26.0.1\lib\dx.jar
Launcher Type: SUN_STANDARD

Environment Variables:
PATH=C:\ProgramData\Oracle\Java\javapath;C:\Program Files (x86)\Intel\iCLS Client\;C:\Program Files\Intel\iCLS Client\;C:\WINDOWS\system32;C:\WINDOWS;C:\WINDOWS\System32\Wbem;C:\WINDOWS\System32\WindowsPowerShell\v1.0\;C:\Program Files (x86)\Intel\Intel(R) Management Engine Components\DAL;C:\Program Files\Intel\Intel(R) Management Engine Components\DAL;C:\Program Files (x86)\Intel\Intel(R) Management Engine Components\IPT;C:\Program Files\Intel\Intel(R) Management Engine Components\IPT;C:\Program Files\Git\cmd;C:\Program Files\nodejs\;C:\Users\Vanessa\AppData\Local\Microsoft\WindowsApps;C:\Users\Vanessa\AppData\Roaming\npm
USERNAME=Vanessa
OS=Windows_NT
PROCESSOR_IDENTIFIER=Intel64 Family 6 Model 61 Stepping 4, GenuineIntel



---------------  S Y S T E M  ---------------

OS: Windows 10.0 , 64 bit Build 15063 (10.0.15063.296)

CPU:total 4 (2 cores per cpu, 2 threads per core) family 6 model 61 stepping 4, cmov, cx8, fxsr, mmx, sse, sse2, sse3, ssse3, sse4.1, sse4.2, popcnt, avx, avx2, aes, clmul, erms, 3dnowpref, lzcnt, ht, tsc, tscinvbit, bmi1, bmi2, adx

Memory: 4k page, physical 4093380k(445280k free), swap 8189380k(823600k free)

vm_info: OpenJDK 64-Bit Server VM (25.112-b06) for windows-amd64 JRE (1.8.0_112-release-b06), built on Dec  8 2016 00:54:26 by "builder" with MS VC++ 10.0 (VS2010)

time: Thu Nov 30 08:30:24 2017
elapsed time: 77 seconds (0d 0h 1m 17s)

