#
# There is insufficient memory for the Java Runtime Environment to continue.
# Native memory allocation (malloc) failed to allocate 735216 bytes for Chunk::new
# Possible reasons:
#   The system is out of physical RAM or swap space
#   In 32 bit mode, the process size limit was hit
# Possible solutions:
#   Reduce memory load on the system
#   Increase physical memory or swap space
#   Check if swap backing store is full
#   Use 64 bit Java on a 64 bit OS
#   Decrease Java heap size (-Xmx/-Xms)
#   Decrease number of Java threads
#   Decrease Java thread stack sizes (-Xss)
#   Set larger code cache with -XX:ReservedCodeCacheSize=
# This output file may be truncated or incomplete.
#
#  Out of Memory Error (allocation.cpp:390), pid=2084, tid=0x0000000000003a2c
#
# JRE version: OpenJDK Runtime Environment (8.0_112-b06) (build 1.8.0_112-release-b06)
# Java VM: OpenJDK 64-Bit Server VM (25.112-b06 mixed mode windows-amd64 compressed oops)
# Failed to write core dump. Minidumps are not enabled by default on client versions of Windows
#

---------------  T H R E A D  ---------------

Current thread (0x0000000014cbc000):  JavaThread "C2 CompilerThread0" daemon [_thread_in_native, id=14892, stack(0x0000000016300000,0x0000000016400000)]

Stack: [0x0000000016300000,0x0000000016400000]
[error occurred during error reporting (printing stack bounds), id 0xc0000005]

Native frames: (J=compiled Java code, j=interpreted, Vv=VM code, C=native code)


Current CompileTask:
C2:   4362 1025   !   4       com.android.dx.cf.code.BytecodeArray::parseInstruction (2764 bytes)


---------------  P R O C E S S  ---------------

Java Threads: ( => current thread )
  0x00000000168d3800 JavaThread "pool-2-thread-4" [_thread_in_Java, id=11848, stack(0x0000000017800000,0x0000000017900000)]
  0x00000000168a6000 JavaThread "pool-2-thread-3" [_thread_in_Java, id=4020, stack(0x0000000016f00000,0x0000000017000000)]
  0x000000001688c800 JavaThread "pool-2-thread-2" [_thread_in_Java, id=6932, stack(0x0000000016e00000,0x0000000016f00000)]
  0x0000000016747800 JavaThread "pool-3-thread-1" [_thread_blocked, id=14596, stack(0x0000000016d00000,0x0000000016e00000)]
  0x0000000016749800 JavaThread "pool-2-thread-1" [_thread_in_Java, id=10752, stack(0x0000000016c00000,0x0000000016d00000)]
  0x0000000016628800 JavaThread "Service Thread" daemon [_thread_blocked, id=3456, stack(0x0000000016a00000,0x0000000016b00000)]
  0x0000000014cc6000 JavaThread "C1 CompilerThread2" daemon [_thread_blocked, id=15216, stack(0x0000000016500000,0x0000000016600000)]
  0x0000000014cbf000 JavaThread "C2 CompilerThread1" daemon [_thread_in_native, id=11520, stack(0x0000000016400000,0x0000000016500000)]
=>0x0000000014cbc000 JavaThread "C2 CompilerThread0" daemon [_thread_in_native, id=14892, stack(0x0000000016300000,0x0000000016400000)]
  0x0000000014cbb000 JavaThread "Attach Listener" daemon [_thread_blocked, id=11728, stack(0x0000000016200000,0x0000000016300000)]
  0x0000000014cb9800 JavaThread "Signal Dispatcher" daemon [_thread_blocked, id=11464, stack(0x0000000016100000,0x0000000016200000)]
  0x000000000253e000 JavaThread "Finalizer" daemon [_thread_blocked, id=10816, stack(0x0000000015f10000,0x0000000016010000)]
  0x0000000002532000 JavaThread "Reference Handler" daemon [_thread_blocked, id=5664, stack(0x0000000015e10000,0x0000000015f10000)]
  0x0000000002440800 JavaThread "main" [_thread_in_Java, id=15340, stack(0x0000000000b60000,0x0000000000c60000)]

Other Threads:
  0x0000000014c86000 VMThread [stack: 0x0000000015d10000,0x0000000015e10000] [id=10080]
  0x0000000014d1c800 WatcherThread [stack: 0x0000000016b00000,0x0000000016c00000] [id=1744]

VM state:not at safepoint (normal execution)

VM Mutex/Monitor currently owned by a thread: None

Heap:
 PSYoungGen      total 35328K, used 26287K [0x00000000eab00000, 0x00000000ed000000, 0x0000000100000000)
  eden space 32768K, 72% used [0x00000000eab00000,0x00000000ec22fa58,0x00000000ecb00000)
  from space 2560K, 99% used [0x00000000ecd80000,0x00000000ecffc2d0,0x00000000ed000000)
  to   space 2560K, 0% used [0x00000000ecb00000,0x00000000ecb00000,0x00000000ecd80000)
 ParOldGen       total 44032K, used 9318K [0x00000000c0000000, 0x00000000c2b00000, 0x00000000eab00000)
  object space 44032K, 21% used [0x00000000c0000000,0x00000000c0919990,0x00000000c2b00000)
 Metaspace       used 5774K, capacity 6960K, committed 7040K, reserved 1056768K
  class space    used 566K, capacity 616K, committed 640K, reserved 1048576K

Card table byte_map: [0x00000000119b0000,0x0000000011bc0000] byte_map_base: 0x00000000113b0000

Marking Bits: (ParMarkBitMap*) 0x00000000528918f0
 Begin Bits: [0x0000000012120000, 0x0000000013120000)
 End Bits:   [0x0000000013120000, 0x0000000014120000)

Polling page: 0x0000000000c60000

CodeCache: size=245760Kb used=4527Kb max_used=4527Kb free=241232Kb
 bounds [0x00000000025f0000, 0x0000000002a60000, 0x00000000115f0000]
 total_blobs=1384 nmethods=1122 adapters=176
 compilation: enabled

Compilation events (10 events):
Event: 4.151 Thread 0x0000000014cc6000 nmethod 1088 0x0000000002a34c50 code [0x0000000002a34e00, 0x0000000002a35218]
Event: 4.153 Thread 0x0000000014cc6000 1089       2       com.android.dx.dex.code.RopTranslator$TranslationVisitor::getNextMoveResultPseudo (55 bytes)
Event: 4.154 Thread 0x0000000014cc6000 nmethod 1089 0x0000000002a35690 code [0x0000000002a35820, 0x0000000002a35a78]
Event: 4.154 Thread 0x0000000014cc6000 1090       2       com.android.dx.dex.code.RopTranslator::access$600 (6 bytes)
Event: 4.154 Thread 0x0000000014cc6000 nmethod 1090 0x0000000002a35cd0 code [0x0000000002a35e20, 0x0000000002a35f68]
Event: 4.158 Thread 0x0000000014cc6000 1091       2       com.android.dx.rop.type.Type::internClassName (56 bytes)
Event: 4.160 Thread 0x0000000014cc6000 nmethod 1091 0x0000000002a36010 code [0x0000000002a36220, 0x0000000002a36a18]
Event: 4.163 Thread 0x0000000014cc6000 1092       2       com.android.dx.rop.type.Prototype::fromDescriptor (200 bytes)
Event: 4.168 Thread 0x0000000014cc6000 nmethod 1092 0x0000000002a37090 code [0x0000000002a37340, 0x0000000002a37f88]
Event: 4.168 Thread 0x0000000014cc6000 1093   !   2       com.android.dx.cf.cst.ConstantPoolParser::parse0 (731 bytes)

GC Heap History (4 events):
Event: 2.719 GC heap before
{Heap before GC invocations=1 (full 0):
 PSYoungGen      total 18944K, used 16384K [0x00000000eab00000, 0x00000000ec000000, 0x0000000100000000)
  eden space 16384K, 100% used [0x00000000eab00000,0x00000000ebb00000,0x00000000ebb00000)
  from space 2560K, 0% used [0x00000000ebd80000,0x00000000ebd80000,0x00000000ec000000)
  to   space 2560K, 0% used [0x00000000ebb00000,0x00000000ebb00000,0x00000000ebd80000)
 ParOldGen       total 44032K, used 0K [0x00000000c0000000, 0x00000000c2b00000, 0x00000000eab00000)
  object space 44032K, 0% used [0x00000000c0000000,0x00000000c0000000,0x00000000c2b00000)
 Metaspace       used 5610K, capacity 6832K, committed 7040K, reserved 1056768K
  class space    used 561K, capacity 616K, committed 640K, reserved 1048576K
Event: 2.748 GC heap after
Heap after GC invocations=1 (full 0):
 PSYoungGen      total 18944K, used 2559K [0x00000000eab00000, 0x00000000ed000000, 0x0000000100000000)
  eden space 16384K, 0% used [0x00000000eab00000,0x00000000eab00000,0x00000000ebb00000)
  from space 2560K, 99% used [0x00000000ebb00000,0x00000000ebd7fda8,0x00000000ebd80000)
  to   space 2560K, 0% used [0x00000000ecd80000,0x00000000ecd80000,0x00000000ed000000)
 ParOldGen       total 44032K, used 2381K [0x00000000c0000000, 0x00000000c2b00000, 0x00000000eab00000)
  object space 44032K, 5% used [0x00000000c0000000,0x00000000c0253720,0x00000000c2b00000)
 Metaspace       used 5610K, capacity 6832K, committed 7040K, reserved 1056768K
  class space    used 561K, capacity 616K, committed 640K, reserved 1048576K
}
Event: 4.027 GC heap before
{Heap before GC invocations=2 (full 0):
 PSYoungGen      total 18944K, used 18943K [0x00000000eab00000, 0x00000000ed000000, 0x0000000100000000)
  eden space 16384K, 100% used [0x00000000eab00000,0x00000000ebb00000,0x00000000ebb00000)
  from space 2560K, 99% used [0x00000000ebb00000,0x00000000ebd7fda8,0x00000000ebd80000)
  to   space 2560K, 0% used [0x00000000ecd80000,0x00000000ecd80000,0x00000000ed000000)
 ParOldGen       total 44032K, used 2381K [0x00000000c0000000, 0x00000000c2b00000, 0x00000000eab00000)
  object space 44032K, 5% used [0x00000000c0000000,0x00000000c0253720,0x00000000c2b00000)
 Metaspace       used 5710K, capacity 6896K, committed 7040K, reserved 1056768K
  class space    used 565K, capacity 616K, committed 640K, reserved 1048576K
Event: 4.073 GC heap after
Heap after GC invocations=2 (full 0):
 PSYoungGen      total 35328K, used 2544K [0x00000000eab00000, 0x00000000ed000000, 0x0000000100000000)
  eden space 32768K, 0% used [0x00000000eab00000,0x00000000eab00000,0x00000000ecb00000)
  from space 2560K, 99% used [0x00000000ecd80000,0x00000000ecffc2d0,0x00000000ed000000)
  to   space 2560K, 0% used [0x00000000ecb00000,0x00000000ecb00000,0x00000000ecd80000)
 ParOldGen       total 44032K, used 9318K [0x00000000c0000000, 0x00000000c2b00000, 0x00000000eab00000)
  object space 44032K, 21% used [0x00000000c0000000,0x00000000c0919990,0x00000000c2b00000)
 Metaspace       used 5710K, capacity 6896K, committed 7040K, reserved 1056768K
  class space    used 565K, capacity 616K, committed 640K, reserved 1048576K
}

Deoptimization events (10 events):
Event: 2.839 Thread 0x0000000016749800 Uncommon trap: reason=null_check action=make_not_entrant pc=0x00000000028d7b68 method=com.android.dx.ssa.SsaRenamer.getLocalForNewReg(I)Lcom/android/dx/rop/code/LocalItem; @ 19
Event: 2.950 Thread 0x0000000016749800 Uncommon trap: reason=unstable_if action=reinterpret pc=0x00000000029455d8 method=com.android.dx.util.LabeledList.set(ILcom/android/dx/util/LabeledItem;)V @ 16
Event: 3.474 Thread 0x0000000016749800 Uncommon trap: reason=class_check action=maybe_recompile pc=0x00000000029c8024 method=com.android.dx.cf.code.BytecodeArray.parseInstruction(ILcom/android/dx/cf/code/BytecodeArray$Visitor;)I @ 1287
Event: 3.476 Thread 0x0000000016749800 Uncommon trap: reason=class_check action=maybe_recompile pc=0x00000000029c8024 method=com.android.dx.cf.code.BytecodeArray.parseInstruction(ILcom/android/dx/cf/code/BytecodeArray$Visitor;)I @ 1287
Event: 3.776 Thread 0x000000001688c800 Uncommon trap: reason=class_check action=maybe_recompile pc=0x00000000029c7d78 method=com.android.dx.cf.code.BytecodeArray.parseInstruction(ILcom/android/dx/cf/code/BytecodeArray$Visitor;)I @ 1130
Event: 3.824 Thread 0x00000000168d3800 Uncommon trap: reason=unstable_if action=reinterpret pc=0x00000000029d52bc method=com.android.dx.rop.code.RegisterSpec.withReg(I)Lcom/android/dx/rop/code/RegisterSpec; @ 5
Event: 3.882 Thread 0x00000000168a6000 Uncommon trap: reason=class_check action=maybe_recompile pc=0x00000000029c7d78 method=com.android.dx.cf.code.BytecodeArray.parseInstruction(ILcom/android/dx/cf/code/BytecodeArray$Visitor;)I @ 1130
Event: 3.984 Thread 0x00000000168d3800 Uncommon trap: reason=class_check action=maybe_recompile pc=0x00000000029a0148 method=com.android.dx.ssa.NormalSsaInsn.accept(Lcom/android/dx/ssa/SsaInsn$Visitor;)V @ 9
Event: 4.112 Thread 0x0000000016749800 Uncommon trap: reason=class_check action=maybe_recompile pc=0x00000000029a0148 method=com.android.dx.ssa.NormalSsaInsn.accept(Lcom/android/dx/ssa/SsaInsn$Visitor;)V @ 9
Event: 4.164 Thread 0x0000000002440800 Uncommon trap: reason=unloaded action=reinterpret pc=0x00000000027b7818 method=com.android.dx.cf.cst.ConstantPoolParser.parse0(ILjava/util/BitSet;)Lcom/android/dx/rop/cst/Constant; @ 176

Internal exceptions (4 events):
Event: 0.210 Thread 0x0000000002440800 Exception <a 'java/lang/NoSuchMethodError': Method sun.misc.Unsafe.defineClass(Ljava/lang/String;[BII)Ljava/lang/Class; name or signature does not match> (0x00000000eab07c78) thrown at [C:\src\android\AOSP-openjdk\external\jetbrains\jdk\hotspot\src\share\v+„Œ¡U· ?
Event: 0.210 Thread 0x0000000002440800 Exception <a 'java/lang/NoSuchMethodError': Method sun.misc.Unsafe.prefetchRead(Ljava/lang/Object;J)V name or signature does not match> (0x00000000eab07f60) thrown at [C:\src\android\AOSP-openjdk\external\jetbrains\jdk\hotspot\src\share\vm\prims\jni.cpp, l9v¯∆‚†@
Event: 2.829 Thread 0x00000000168d3800 Implicit null exception at 0x00000000028f6222 to 0x00000000028f631a
Event: 2.839 Thread 0x0000000016749800 Implicit null exception at 0x00000000028d55e6 to 0x00000000028d7b49

Events (10 events):
Event: 3.985 Thread 0x00000000168d3800 DEOPT PACKING pc=0x00000000029a0148 sp=0x00000000178fe580
Event: 3.985 Thread 0x00000000168d3800 DEOPT UNPACKING pc=0x000000000263556a sp=0x00000000178fe550 mode 2
Event: 4.015 Executing VM operation: ParallelGCFailedAllocation
Event: 4.073 Executing VM operation: ParallelGCFailedAllocation done
Event: 4.112 Thread 0x0000000016749800 Uncommon trap: trap_request=0xffffffde fr.pc=0x00000000029a0148
Event: 4.112 Thread 0x0000000016749800 DEOPT PACKING pc=0x00000000029a0148 sp=0x0000000016cfe7d0
Event: 4.112 Thread 0x0000000016749800 DEOPT UNPACKING pc=0x000000000263556a sp=0x0000000016cfe7a0 mode 2
Event: 4.164 Thread 0x0000000002440800 Uncommon trap: trap_request=0x000000cf fr.pc=0x00000000027b7818
Event: 4.164 Thread 0x0000000002440800 DEOPT PACKING pc=0x00000000027b7818 sp=0x0000000000c5e550
Event: 4.164 Thread 0x0000000002440800 DEOPT UNPACKING pc=0x000000000263556a sp=0x0000000000c5e4f0 mode 2


Dynamic libraries:
0x00007ff7a81b0000 - 0x00007ff7a81e1000 	C:\Program Files\Android\Android Studio\jre\bin\java.exe
0x00007ffc98f60000 - 0x00007ffc9913b000 	C:\WINDOWS\SYSTEM32\ntdll.dll
0x00007ffc964f0000 - 0x00007ffc9659e000 	C:\WINDOWS\System32\KERNEL32.DLL
0x00007ffc95790000 - 0x00007ffc959d9000 	C:\WINDOWS\System32\KERNELBASE.dll
0x00007ffc965c0000 - 0x00007ffc96661000 	C:\WINDOWS\System32\ADVAPI32.dll
0x00007ffc97ff0000 - 0x00007ffc9808d000 	C:\WINDOWS\System32\msvcrt.dll
0x00007ffc98850000 - 0x00007ffc988a9000 	C:\WINDOWS\System32\sechost.dll
0x00007ffc97ec0000 - 0x00007ffc97fe5000 	C:\WINDOWS\System32\RPCRT4.dll
0x00007ffc97d70000 - 0x00007ffc97eba000 	C:\WINDOWS\System32\USER32.dll
0x00007ffc95770000 - 0x00007ffc9578e000 	C:\WINDOWS\System32\win32u.dll
0x00007ffc97bd0000 - 0x00007ffc97bf7000 	C:\WINDOWS\System32\GDI32.dll
0x00007ffc95ae0000 - 0x00007ffc95c67000 	C:\WINDOWS\System32\gdi32full.dll
0x00007ffc96370000 - 0x00007ffc9640a000 	C:\WINDOWS\System32\msvcp_win.dll
0x00007ffc959e0000 - 0x00007ffc95ad6000 	C:\WINDOWS\System32\ucrtbase.dll
0x00007ffc8b650000 - 0x00007ffc8b8b7000 	C:\WINDOWS\WinSxS\amd64_microsoft.windows.common-controls_6595b64144ccf1df_6.0.15063.483_none_26002d27e7c744a2\COMCTL32.dll
0x00007ffc98240000 - 0x00007ffc98539000 	C:\WINDOWS\System32\combase.dll
0x00007ffc956a0000 - 0x00007ffc9570a000 	C:\WINDOWS\System32\bcryptPrimitives.dll
0x00007ffc964c0000 - 0x00007ffc964ed000 	C:\WINDOWS\System32\IMM32.DLL
0x0000000051ff0000 - 0x00000000520c2000 	C:\Program Files\Android\Android Studio\jre\jre\bin\msvcr100.dll
0x00000000520d0000 - 0x000000005290c000 	C:\Program Files\Android\Android Studio\jre\jre\bin\server\jvm.dll
0x00007ffc96780000 - 0x00007ffc96788000 	C:\WINDOWS\System32\PSAPI.DLL
0x00007ffc91460000 - 0x00007ffc91469000 	C:\WINDOWS\SYSTEM32\WSOCK32.dll
0x00007ffc988b0000 - 0x00007ffc9891c000 	C:\WINDOWS\System32\WS2_32.dll
0x00007ffc8d310000 - 0x00007ffc8d333000 	C:\WINDOWS\SYSTEM32\WINMM.dll
0x00007ffc8b8c0000 - 0x00007ffc8b8ca000 	C:\WINDOWS\SYSTEM32\VERSION.dll
0x00007ffc8d2e0000 - 0x00007ffc8d30b000 	C:\WINDOWS\SYSTEM32\winmmbase.dll
0x00007ffc95650000 - 0x00007ffc95699000 	C:\WINDOWS\System32\cfgmgr32.dll
0x00007ffc92780000 - 0x00007ffc9278f000 	C:\Program Files\Android\Android Studio\jre\jre\bin\verify.dll
0x00007ffc90d60000 - 0x00007ffc90d89000 	C:\Program Files\Android\Android Studio\jre\jre\bin\java.dll
0x00007ffc92710000 - 0x00007ffc92726000 	C:\Program Files\Android\Android Studio\jre\jre\bin\zip.dll
0x00007ffc96790000 - 0x00007ffc97bc7000 	C:\WINDOWS\System32\SHELL32.dll
0x00007ffc987a0000 - 0x00007ffc9884a000 	C:\WINDOWS\System32\shcore.dll
0x00007ffc95c70000 - 0x00007ffc96361000 	C:\WINDOWS\System32\windows.storage.dll
0x00007ffc98ac0000 - 0x00007ffc98b11000 	C:\WINDOWS\System32\shlwapi.dll
0x00007ffc95460000 - 0x00007ffc95471000 	C:\WINDOWS\System32\kernel.appcore.dll
0x00007ffc95410000 - 0x00007ffc9545c000 	C:\WINDOWS\System32\powrprof.dll
0x00007ffc953f0000 - 0x00007ffc95405000 	C:\WINDOWS\System32\profapi.dll

VM Arguments:
jvm_args: -Djava.awt.headless=true -Xmx1024M -Dfile.encoding=windows-1252 -Duser.country=GB -Duser.language=en -Duser.variant 
java_command: com.android.dx.command.Main --dex --force-jumbo --num-threads=4 --multi-dex --output C:\Users\Vanessa\AndroidStudioProjects\eTika\FinalYearProject\P_eTika\app\build\intermediates\transforms\dex\debug\folders\1000\5\slice_5 C:\Users\Vanessa\AndroidStudioProjects\eTika\FinalYearProject\P_eTika\app\build\intermediates\transforms\instantRunSlicer\debug\folders\1\5\slice_5
java_class_path (initial): C:\Users\Vanessa\AppData\Local\Android\sdk\build-tools\26.0.1\lib\dx.jar
Launcher Type: SUN_STANDARD

Environment Variables:
PATH=C:\ProgramData\Oracle\Java\javapath;C:\Program Files (x86)\Intel\iCLS Client\;C:\Program Files\Intel\iCLS Client\;C:\WINDOWS\system32;C:\WINDOWS;C:\WINDOWS\System32\Wbem;C:\WINDOWS\System32\WindowsPowerShell\v1.0\;C:\Program Files (x86)\Intel\Intel(R) Management Engine Components\DAL;C:\Program Files\Intel\Intel(R) Management Engine Components\DAL;C:\Program Files (x86)\Intel\Intel(R) Management Engine Components\IPT;C:\Program Files\Intel\Intel(R) Management Engine Components\IPT;C:\Program Files\Git\cmd;C:\Program Files\nodejs\;C:\Users\Vanessa\AppData\Local\Microsoft\WindowsApps;C:\Users\Vanessa\AppData\Roaming\npm
USERNAME=Vanessa
OS=Windows_NT
PROCESSOR_IDENTIFIER=Intel64 Family 6 Model 61 Stepping 4, GenuineIntel



---------------  S Y S T E M  ---------------

OS: Windows 10.0 , 64 bit Build 15063 (10.0.15063.296)

CPU:total 4 (2 cores per cpu, 2 threads per core) family 6 model 61 stepping 4, cmov, cx8, fxsr, mmx, sse, sse2, sse3, ssse3, sse4.1, sse4.2, popcnt, avx, avx2, aes, clmul, erms, 3dnowpref, lzcnt, ht, tsc, tscinvbit, bmi1, bmi2, adx

Memory: 4k page, physical 4093380k(153940k free), swap 8189380k(7036k free)

vm_info: OpenJDK 64-Bit Server VM (25.112-b06) for windows-amd64 JRE (1.8.0_112-release-b06), built on Dec  8 2016 00:54:26 by "builder" with MS VC++ 10.0 (VS2010)

time: Wed Nov 29 08:14:06 2017
elapsed time: 4 seconds (0d 0h 0m 4s)

